  [1m[36m (14.7ms)[0m  [1mCREATE TABLE "schema_migrations" ("version" character varying(255) NOT NULL) [0m
  [1m[35m (7.0ms)[0m  CREATE UNIQUE INDEX  "unique_schema_migrations" ON "schema_migrations"  ("version")
  [1m[36mActiveRecord::SchemaMigration Load (0.5ms)[0m  [1mSELECT "schema_migrations".* FROM "schema_migrations"[0m
Migrating to CreateLinks (20140623220010)
  [1m[35m (0.6ms)[0m  BEGIN
  [1m[36m (41.6ms)[0m  [1mCREATE TABLE "links" ("id" serial primary key, "url" character varying(255), "title" character varying(255), "description" character varying(255), "image" character varying(255)) [0m
  [1m[35mSQL (5.2ms)[0m  INSERT INTO "schema_migrations" ("version") VALUES ($1)  [["version", "20140623220010"]]
  [1m[36m (0.5ms)[0m  [1mCOMMIT[0m
Migrating to CreateFolders (20140623220040)
  [1m[35m (2.7ms)[0m  BEGIN
  [1m[36m (6.6ms)[0m  [1mCREATE TABLE "folders" ("id" serial primary key, "name" character varying(255)) [0m
  [1m[35mSQL (1.4ms)[0m  INSERT INTO "schema_migrations" ("version") VALUES ($1)  [["version", "20140623220040"]]
  [1m[36m (0.4ms)[0m  [1mCOMMIT[0m
Migrating to CreateFolderLinks (20140623220059)
  [1m[35m (2.7ms)[0m  BEGIN
  [1m[36m (5.3ms)[0m  [1mCREATE TABLE "folder_links" ("id" serial primary key, "folder_id" integer, "link_id" integer, "user_id" integer) [0m
  [1m[35mSQL (0.4ms)[0m  INSERT INTO "schema_migrations" ("version") VALUES ($1)  [["version", "20140623220059"]]
  [1m[36m (0.7ms)[0m  [1mCOMMIT[0m
  [1m[35mActiveRecord::SchemaMigration Load (0.3ms)[0m  SELECT "schema_migrations".* FROM "schema_migrations"
  [1m[36m (234.7ms)[0m  [1mDROP DATABASE IF EXISTS "basket_test"[0m
  [1m[35m (1531.2ms)[0m  CREATE DATABASE "basket_test" ENCODING = 'unicode'
  [1m[36mSQL (1.2ms)[0m  [1mCREATE EXTENSION IF NOT EXISTS "plpgsql"[0m
  [1m[35m (13.6ms)[0m  CREATE TABLE "folder_links" ("id" serial primary key, "folder_id" integer, "link_id" integer, "user_id" integer) 
  [1m[36m (6.2ms)[0m  [1mCREATE TABLE "folders" ("id" serial primary key, "name" character varying(255)) [0m
  [1m[35m (9.5ms)[0m  CREATE TABLE "links" ("id" serial primary key, "url" character varying(255), "title" character varying(255), "description" character varying(255), "image" character varying(255)) 
  [1m[36m (1.1ms)[0m  [1mCREATE TABLE "schema_migrations" ("version" character varying(255) NOT NULL) [0m
  [1m[35m (3.9ms)[0m  CREATE UNIQUE INDEX  "unique_schema_migrations" ON "schema_migrations"  ("version")
  [1m[36m (0.5ms)[0m  [1mSELECT version FROM "schema_migrations"[0m
  [1m[35m (0.6ms)[0m  INSERT INTO "schema_migrations" (version) VALUES ('20140623220059')
  [1m[36m (3.2ms)[0m  [1mINSERT INTO "schema_migrations" (version) VALUES ('20140623220010')[0m
  [1m[35m (0.4ms)[0m  INSERT INTO "schema_migrations" (version) VALUES ('20140623220040')


Started GET "/" for 127.0.0.1 at 2014-06-23 19:39:54 -0400
  [1m[36mActiveRecord::SchemaMigration Load (1.2ms)[0m  [1mSELECT "schema_migrations".* FROM "schema_migrations"[0m
Processing by FoldersController#index as HTML
  Rendered folders/index.html.erb within layouts/application (3.5ms)
Completed 200 OK in 858ms (Views: 843.4ms | ActiveRecord: 0.0ms)


Started GET "/assets/jquery_ujs.js?body=1" for 127.0.0.1 at 2014-06-23 19:39:56 -0400


Started GET "/assets/application.js?body=1" for 127.0.0.1 at 2014-06-23 19:39:56 -0400


Started GET "/assets/application.css?body=1" for 127.0.0.1 at 2014-06-23 19:39:56 -0400


Started GET "/assets/jquery.js?body=1" for 127.0.0.1 at 2014-06-23 19:39:56 -0400


Started GET "/assets/turbolinks.js?body=1" for 127.0.0.1 at 2014-06-23 19:39:56 -0400


Started GET "/" for 127.0.0.1 at 2014-06-23 19:42:43 -0400
Processing by Rails::WelcomeController#index as HTML
  Rendered /Users/brendanscarano/.rvm/gems/ruby-2.1.1/gems/railties-4.1.1/lib/rails/templates/rails/welcome/index.html.erb (1.0ms)
Completed 200 OK in 5ms (Views: 4.2ms | ActiveRecord: 0.0ms)


Started GET "/folders" for 127.0.0.1 at 2014-06-23 19:42:47 -0400
Processing by FoldersController#index as HTML
  Rendered folders/index.html.erb within layouts/application (0.1ms)
Completed 200 OK in 5ms (Views: 4.7ms | ActiveRecord: 0.0ms)


Started GET "/" for 127.0.0.1 at 2014-06-24 14:57:24 -0400
Processing by FoldersController#index as HTML
  Rendered folders/index.html.erb within layouts/application (1.0ms)
Completed 200 OK in 91ms (Views: 83.6ms | ActiveRecord: 0.0ms)


Started GET "/assets/application.css?body=1" for 127.0.0.1 at 2014-06-24 14:57:25 -0400


Started GET "/assets/jquery.js?body=1" for 127.0.0.1 at 2014-06-24 14:57:25 -0400


Started GET "/assets/jquery_ujs.js?body=1" for 127.0.0.1 at 2014-06-24 14:57:25 -0400


Started GET "/assets/turbolinks.js?body=1" for 127.0.0.1 at 2014-06-24 14:57:25 -0400


Started GET "/assets/application.js?body=1" for 127.0.0.1 at 2014-06-24 14:57:25 -0400


Started GET "/" for 127.0.0.1 at 2014-06-26 20:43:07 -0400
  [1m[36mActiveRecord::SchemaMigration Load (1.4ms)[0m  [1mSELECT "schema_migrations".* FROM "schema_migrations"[0m

ActiveRecord::PendingMigrationError (

Migrations are pending. To resolve this issue, run:

	bin/rake db:migrate RAILS_ENV=development

):
  activerecord (4.1.1) lib/active_record/migration.rb:389:in `check_pending!'
  activerecord (4.1.1) lib/active_record/migration.rb:377:in `call'
  actionpack (4.1.1) lib/action_dispatch/middleware/callbacks.rb:29:in `block in call'
  activesupport (4.1.1) lib/active_support/callbacks.rb:82:in `run_callbacks'
  actionpack (4.1.1) lib/action_dispatch/middleware/callbacks.rb:27:in `call'
  actionpack (4.1.1) lib/action_dispatch/middleware/reloader.rb:73:in `call'
  actionpack (4.1.1) lib/action_dispatch/middleware/remote_ip.rb:76:in `call'
  actionpack (4.1.1) lib/action_dispatch/middleware/debug_exceptions.rb:17:in `call'
  actionpack (4.1.1) lib/action_dispatch/middleware/show_exceptions.rb:30:in `call'
  railties (4.1.1) lib/rails/rack/logger.rb:38:in `call_app'
  railties (4.1.1) lib/rails/rack/logger.rb:20:in `block in call'
  activesupport (4.1.1) lib/active_support/tagged_logging.rb:68:in `block in tagged'
  activesupport (4.1.1) lib/active_support/tagged_logging.rb:26:in `tagged'
  activesupport (4.1.1) lib/active_support/tagged_logging.rb:68:in `tagged'
  railties (4.1.1) lib/rails/rack/logger.rb:20:in `call'
  actionpack (4.1.1) lib/action_dispatch/middleware/request_id.rb:21:in `call'
  rack (1.5.2) lib/rack/methodoverride.rb:21:in `call'
  rack (1.5.2) lib/rack/runtime.rb:17:in `call'
  activesupport (4.1.1) lib/active_support/cache/strategy/local_cache_middleware.rb:26:in `call'
  rack (1.5.2) lib/rack/lock.rb:17:in `call'
  actionpack (4.1.1) lib/action_dispatch/middleware/static.rb:64:in `call'
  rack (1.5.2) lib/rack/sendfile.rb:112:in `call'
  railties (4.1.1) lib/rails/engine.rb:514:in `call'
  railties (4.1.1) lib/rails/application.rb:144:in `call'
  rack (1.5.2) lib/rack/lock.rb:17:in `call'
  rack (1.5.2) lib/rack/content_length.rb:14:in `call'
  rack (1.5.2) lib/rack/handler/webrick.rb:60:in `service'
  /Users/brendanscarano/.rvm/rubies/ruby-2.1.1/lib/ruby/2.1.0/webrick/httpserver.rb:138:in `service'
  /Users/brendanscarano/.rvm/rubies/ruby-2.1.1/lib/ruby/2.1.0/webrick/httpserver.rb:94:in `run'
  /Users/brendanscarano/.rvm/rubies/ruby-2.1.1/lib/ruby/2.1.0/webrick/server.rb:295:in `block in start_thread'


  Rendered /Users/brendanscarano/.rvm/gems/ruby-2.1.1/gems/actionpack-4.1.1/lib/action_dispatch/middleware/templates/rescues/_source.erb (0.6ms)
  Rendered /Users/brendanscarano/.rvm/gems/ruby-2.1.1/gems/actionpack-4.1.1/lib/action_dispatch/middleware/templates/rescues/_trace.html.erb (1.1ms)
  Rendered /Users/brendanscarano/.rvm/gems/ruby-2.1.1/gems/actionpack-4.1.1/lib/action_dispatch/middleware/templates/rescues/_request_and_response.html.erb (1.0ms)
  Rendered /Users/brendanscarano/.rvm/gems/ruby-2.1.1/gems/actionpack-4.1.1/lib/action_dispatch/middleware/templates/rescues/diagnostics.erb within rescues/layout (23.9ms)
  [1m[36mActiveRecord::SchemaMigration Load (0.6ms)[0m  [1mSELECT "schema_migrations".* FROM "schema_migrations"[0m
Migrating to CreateUsers (20140626181319)
  [1m[35m (0.7ms)[0m  BEGIN
  [1m[36m (25.6ms)[0m  [1mCREATE TABLE "users" ("id" serial primary key, "provider" character varying(255), "uid" character varying(255), "name" character varying(255), "image" character varying(255), "email" character varying(255), "oauth_token" character varying(255), "oauth_expires_at" timestamp, "created_at" timestamp, "updated_at" timestamp) [0m
  [1m[35mSQL (0.9ms)[0m  INSERT INTO "schema_migrations" ("version") VALUES ($1)  [["version", "20140626181319"]]
  [1m[36m (1.6ms)[0m  [1mCOMMIT[0m
Migrating to CreateUserFolders (20140626182141)
  [1m[35m (3.6ms)[0m  BEGIN
  [1m[36m (5.9ms)[0m  [1mCREATE TABLE "user_folders" ("id" serial primary key, "user_id" integer, "folder_id" integer) [0m
  [1m[35mSQL (0.2ms)[0m  INSERT INTO "schema_migrations" ("version") VALUES ($1)  [["version", "20140626182141"]]
  [1m[36m (0.3ms)[0m  [1mCOMMIT[0m
  [1m[35mActiveRecord::SchemaMigration Load (0.2ms)[0m  SELECT "schema_migrations".* FROM "schema_migrations"
  [1m[36m (234.2ms)[0m  [1mDROP DATABASE IF EXISTS "basket_test"[0m
  [1m[35m (2039.9ms)[0m  CREATE DATABASE "basket_test" ENCODING = 'unicode'
  [1m[36mSQL (0.5ms)[0m  [1mCREATE EXTENSION IF NOT EXISTS "plpgsql"[0m
  [1m[35m (14.2ms)[0m  CREATE TABLE "folder_links" ("id" serial primary key, "folder_id" integer, "link_id" integer, "user_id" integer) 
  [1m[36m (5.8ms)[0m  [1mCREATE TABLE "folders" ("id" serial primary key, "name" character varying(255)) [0m
  [1m[35m (9.4ms)[0m  CREATE TABLE "links" ("id" serial primary key, "url" character varying(255), "title" character varying(255), "description" character varying(255), "image" character varying(255)) 
  [1m[36m (5.3ms)[0m  [1mCREATE TABLE "user_folders" ("id" serial primary key, "user_id" integer, "folder_id" integer) [0m
  [1m[35m (9.7ms)[0m  CREATE TABLE "users" ("id" serial primary key, "provider" character varying(255), "uid" character varying(255), "name" character varying(255), "image" character varying(255), "email" character varying(255), "oauth_token" character varying(255), "oauth_expires_at" timestamp, "created_at" timestamp, "updated_at" timestamp) 
  [1m[36m (1.1ms)[0m  [1mCREATE TABLE "schema_migrations" ("version" character varying(255) NOT NULL) [0m
  [1m[35m (3.7ms)[0m  CREATE UNIQUE INDEX  "unique_schema_migrations" ON "schema_migrations"  ("version")
  [1m[36m (0.5ms)[0m  [1mSELECT version FROM "schema_migrations"[0m
  [1m[35m (0.6ms)[0m  INSERT INTO "schema_migrations" (version) VALUES ('20140626182141')
  [1m[36m (3.4ms)[0m  [1mINSERT INTO "schema_migrations" (version) VALUES ('20140623220010')[0m
  [1m[35m (0.4ms)[0m  INSERT INTO "schema_migrations" (version) VALUES ('20140623220040')
  [1m[36m (0.3ms)[0m  [1mINSERT INTO "schema_migrations" (version) VALUES ('20140623220059')[0m
  [1m[35m (0.3ms)[0m  INSERT INTO "schema_migrations" (version) VALUES ('20140626181319')


Started GET "/" for 127.0.0.1 at 2014-06-26 20:43:42 -0400
  [1m[36mActiveRecord::SchemaMigration Load (8.5ms)[0m  [1mSELECT "schema_migrations".* FROM "schema_migrations"[0m
Processing by FoldersController#index as HTML
  Rendered folders/index.html.erb within layouts/application (1.6ms)
Completed 200 OK in 57ms (Views: 42.9ms | ActiveRecord: 0.0ms)


Started GET "/assets/application.css?body=1" for 127.0.0.1 at 2014-06-26 20:43:42 -0400


Started GET "/assets/jquery_ujs.js?body=1" for 127.0.0.1 at 2014-06-26 20:43:42 -0400


Started GET "/assets/jquery.js?body=1" for 127.0.0.1 at 2014-06-26 20:43:42 -0400


Started GET "/assets/turbolinks.js?body=1" for 127.0.0.1 at 2014-06-26 20:43:42 -0400


Started GET "/assets/application.js?body=1" for 127.0.0.1 at 2014-06-26 20:43:42 -0400


Started GET "/auth/facebook" for 127.0.0.1 at 2014-06-26 20:43:45 -0400
(facebook) Request phase initiated.


Started GET "/auth/facebook" for 127.0.0.1 at 2014-06-26 20:43:45 -0400
(facebook) Request phase initiated.


Started GET "/" for 127.0.0.1 at 2014-06-26 20:44:38 -0400
Processing by FoldersController#index as HTML
  Rendered folders/index.html.erb within layouts/application (0.1ms)
Completed 200 OK in 6ms (Views: 5.6ms | ActiveRecord: 0.0ms)


Started GET "/assets/application.css?body=1" for 127.0.0.1 at 2014-06-26 20:44:38 -0400


Started GET "/assets/jquery.js?body=1" for 127.0.0.1 at 2014-06-26 20:44:38 -0400


Started GET "/assets/jquery_ujs.js?body=1" for 127.0.0.1 at 2014-06-26 20:44:38 -0400


Started GET "/assets/turbolinks.js?body=1" for 127.0.0.1 at 2014-06-26 20:44:38 -0400


Started GET "/assets/application.js?body=1" for 127.0.0.1 at 2014-06-26 20:44:38 -0400


Started GET "/auth/facebook" for 127.0.0.1 at 2014-06-26 20:44:40 -0400
(facebook) Request phase initiated.


Started GET "/auth/facebook" for 127.0.0.1 at 2014-06-26 20:44:40 -0400
(facebook) Request phase initiated.


Started GET "/" for 127.0.0.1 at 2014-06-26 20:44:59 -0400
  [1m[36mActiveRecord::SchemaMigration Load (0.6ms)[0m  [1mSELECT "schema_migrations".* FROM "schema_migrations"[0m
Processing by FoldersController#index as HTML
  Rendered folders/index.html.erb within layouts/application (1.8ms)
Completed 200 OK in 47ms (Views: 37.5ms | ActiveRecord: 0.0ms)


Started GET "/assets/jquery_ujs.js?body=1" for 127.0.0.1 at 2014-06-26 20:44:59 -0400


Started GET "/assets/jquery.js?body=1" for 127.0.0.1 at 2014-06-26 20:44:59 -0400


Started GET "/assets/turbolinks.js?body=1" for 127.0.0.1 at 2014-06-26 20:44:59 -0400


Started GET "/assets/application.css?body=1" for 127.0.0.1 at 2014-06-26 20:44:59 -0400


Started GET "/assets/application.js?body=1" for 127.0.0.1 at 2014-06-26 20:44:59 -0400


Started GET "/auth/facebook" for 127.0.0.1 at 2014-06-26 20:45:01 -0400
(facebook) Request phase initiated.


Started GET "/auth/facebook" for 127.0.0.1 at 2014-06-26 20:45:01 -0400
(facebook) Request phase initiated.


Started GET "/" for 127.0.0.1 at 2014-06-26 20:46:00 -0400
Processing by FoldersController#index as HTML
  Rendered folders/index.html.erb within layouts/application (0.1ms)
Completed 200 OK in 4ms (Views: 3.4ms | ActiveRecord: 0.0ms)


Started GET "/assets/application.css?body=1" for 127.0.0.1 at 2014-06-26 20:46:00 -0400


Started GET "/assets/jquery.js?body=1" for 127.0.0.1 at 2014-06-26 20:46:00 -0400


Started GET "/assets/jquery_ujs.js?body=1" for 127.0.0.1 at 2014-06-26 20:46:00 -0400


Started GET "/assets/turbolinks.js?body=1" for 127.0.0.1 at 2014-06-26 20:46:00 -0400


Started GET "/assets/application.js?body=1" for 127.0.0.1 at 2014-06-26 20:46:00 -0400


Started GET "/auth/facebook" for 127.0.0.1 at 2014-06-26 20:46:01 -0400
(facebook) Request phase initiated.


Started GET "/auth/facebook" for 127.0.0.1 at 2014-06-26 20:46:01 -0400
(facebook) Request phase initiated.


Started GET "/" for 127.0.0.1 at 2014-06-26 20:47:01 -0400
  [1m[36mActiveRecord::SchemaMigration Load (0.6ms)[0m  [1mSELECT "schema_migrations".* FROM "schema_migrations"[0m
Processing by FoldersController#index as HTML
  Rendered folders/index.html.erb within layouts/application (1.5ms)
Completed 200 OK in 45ms (Views: 34.2ms | ActiveRecord: 0.0ms)


Started GET "/assets/application.css?body=1" for 127.0.0.1 at 2014-06-26 20:47:02 -0400


Started GET "/assets/turbolinks.js?body=1" for 127.0.0.1 at 2014-06-26 20:47:02 -0400


Started GET "/assets/jquery.js?body=1" for 127.0.0.1 at 2014-06-26 20:47:02 -0400


Started GET "/assets/jquery_ujs.js?body=1" for 127.0.0.1 at 2014-06-26 20:47:02 -0400


Started GET "/assets/application.js?body=1" for 127.0.0.1 at 2014-06-26 20:47:02 -0400


Started GET "/auth/facebook" for 127.0.0.1 at 2014-06-26 20:47:03 -0400
(facebook) Request phase initiated.


Started GET "/auth/facebook" for 127.0.0.1 at 2014-06-26 20:47:03 -0400
(facebook) Request phase initiated.


Started GET "/" for 127.0.0.1 at 2014-06-26 20:47:45 -0400
  [1m[36mActiveRecord::SchemaMigration Load (0.6ms)[0m  [1mSELECT "schema_migrations".* FROM "schema_migrations"[0m
Processing by FoldersController#index as HTML
  Rendered folders/index.html.erb within layouts/application (1.6ms)
Completed 200 OK in 45ms (Views: 35.3ms | ActiveRecord: 0.0ms)


Started GET "/assets/application.css?body=1" for 127.0.0.1 at 2014-06-26 20:47:45 -0400


Started GET "/assets/jquery.js?body=1" for 127.0.0.1 at 2014-06-26 20:47:45 -0400


Started GET "/assets/jquery_ujs.js?body=1" for 127.0.0.1 at 2014-06-26 20:47:46 -0400


Started GET "/assets/application.js?body=1" for 127.0.0.1 at 2014-06-26 20:47:46 -0400


Started GET "/assets/turbolinks.js?body=1" for 127.0.0.1 at 2014-06-26 20:47:46 -0400


Started GET "/auth/facebook" for 127.0.0.1 at 2014-06-26 20:47:47 -0400
(facebook) Request phase initiated.


Started GET "/auth/facebook" for 127.0.0.1 at 2014-06-26 20:47:47 -0400
(facebook) Request phase initiated.


Started GET "/" for 127.0.0.1 at 2014-06-26 20:49:26 -0400
Processing by FoldersController#index as HTML
  Rendered folders/index.html.erb within layouts/application (0.1ms)
Completed 200 OK in 5ms (Views: 4.4ms | ActiveRecord: 0.0ms)


Started GET "/assets/application.css?body=1" for 127.0.0.1 at 2014-06-26 20:49:26 -0400


Started GET "/assets/jquery.js?body=1" for 127.0.0.1 at 2014-06-26 20:49:26 -0400


Started GET "/assets/jquery_ujs.js?body=1" for 127.0.0.1 at 2014-06-26 20:49:26 -0400


Started GET "/assets/application.js?body=1" for 127.0.0.1 at 2014-06-26 20:49:26 -0400


Started GET "/assets/turbolinks.js?body=1" for 127.0.0.1 at 2014-06-26 20:49:26 -0400


Started GET "/auth/facebook" for 127.0.0.1 at 2014-06-26 20:49:27 -0400
(facebook) Request phase initiated.


Started GET "/auth/facebook" for 127.0.0.1 at 2014-06-26 20:49:27 -0400
(facebook) Request phase initiated.


Started GET "/" for 127.0.0.1 at 2014-06-26 20:49:45 -0400
  [1m[36mActiveRecord::SchemaMigration Load (0.8ms)[0m  [1mSELECT "schema_migrations".* FROM "schema_migrations"[0m
Processing by FoldersController#index as HTML
  Rendered folders/index.html.erb within layouts/application (2.1ms)
Completed 200 OK in 41ms (Views: 32.0ms | ActiveRecord: 0.0ms)


Started GET "/assets/turbolinks.js?body=1" for 127.0.0.1 at 2014-06-26 20:49:46 -0400


Started GET "/assets/application.css?body=1" for 127.0.0.1 at 2014-06-26 20:49:46 -0400


Started GET "/assets/jquery_ujs.js?body=1" for 127.0.0.1 at 2014-06-26 20:49:46 -0400


Started GET "/assets/jquery.js?body=1" for 127.0.0.1 at 2014-06-26 20:49:46 -0400


Started GET "/assets/application.js?body=1" for 127.0.0.1 at 2014-06-26 20:49:46 -0400


Started GET "/auth/facebook" for 127.0.0.1 at 2014-06-26 20:49:47 -0400
(facebook) Request phase initiated.


Started GET "/auth/facebook" for 127.0.0.1 at 2014-06-26 20:49:47 -0400
(facebook) Request phase initiated.


Started GET "/auth/facebook/callback?code=AQCMgxM7DtfAFk6hjHYyxG4V2mzaaeei9kCYcc7uImPvPxoWovdc6JEM8JVsZZLSUJL24YPvQ4vP6sZ0Hh_kyA_bi0N8P_d5mSUgS-u0pI5ais4Lj6t8_ePuJeY5PbGckJS_RInEJXQFxJGEA07nAbVQ7NG4jEnWntEqxGioUSMv1IeOAJFtl8X2Il7UHoLdHSLUtRvoUH_qbDfUwfX_2S_E-wfgKybYDLQU-3FvRo4MX-uOS-64hublzXw8bgU9qnCVvICoxbQpfseFi5SsXPobLNU8RV4lFzINYo4PMB8HUGHjYRj8mv9D47Xp8rwXY6w&state=85dce2e83e173c8d43bf10eb1bb170f5d52e7c4aefab44cb" for 127.0.0.1 at 2014-06-26 20:49:58 -0400
(facebook) Callback phase initiated.
Processing by SessionsController#create as HTML
  Parameters: {"code"=>"AQCMgxM7DtfAFk6hjHYyxG4V2mzaaeei9kCYcc7uImPvPxoWovdc6JEM8JVsZZLSUJL24YPvQ4vP6sZ0Hh_kyA_bi0N8P_d5mSUgS-u0pI5ais4Lj6t8_ePuJeY5PbGckJS_RInEJXQFxJGEA07nAbVQ7NG4jEnWntEqxGioUSMv1IeOAJFtl8X2Il7UHoLdHSLUtRvoUH_qbDfUwfX_2S_E-wfgKybYDLQU-3FvRo4MX-uOS-64hublzXw8bgU9qnCVvICoxbQpfseFi5SsXPobLNU8RV4lFzINYo4PMB8HUGHjYRj8mv9D47Xp8rwXY6w", "state"=>"85dce2e83e173c8d43bf10eb1bb170f5d52e7c4aefab44cb", "provider"=>"facebook"}
Completed 500 Internal Server Error in 2ms

NameError (uninitialized constant ActiceRecord):
  app/models/user.rb:1:in `<top (required)>'
  app/controllers/sessions_controller.rb:3:in `create'


  Rendered /Users/brendanscarano/.rvm/gems/ruby-2.1.1/gems/actionpack-4.1.1/lib/action_dispatch/middleware/templates/rescues/_source.erb (0.8ms)
  Rendered /Users/brendanscarano/.rvm/gems/ruby-2.1.1/gems/actionpack-4.1.1/lib/action_dispatch/middleware/templates/rescues/_trace.html.erb (1.2ms)
  Rendered /Users/brendanscarano/.rvm/gems/ruby-2.1.1/gems/actionpack-4.1.1/lib/action_dispatch/middleware/templates/rescues/_request_and_response.html.erb (1.3ms)
  Rendered /Users/brendanscarano/.rvm/gems/ruby-2.1.1/gems/actionpack-4.1.1/lib/action_dispatch/middleware/templates/rescues/diagnostics.erb within rescues/layout (19.0ms)


Started GET "/auth/facebook/callback?code=AQCMgxM7DtfAFk6hjHYyxG4V2mzaaeei9kCYcc7uImPvPxoWovdc6JEM8JVsZZLSUJL24YPvQ4vP6sZ0Hh_kyA_bi0N8P_d5mSUgS-u0pI5ais4Lj6t8_ePuJeY5PbGckJS_RInEJXQFxJGEA07nAbVQ7NG4jEnWntEqxGioUSMv1IeOAJFtl8X2Il7UHoLdHSLUtRvoUH_qbDfUwfX_2S_E-wfgKybYDLQU-3FvRo4MX-uOS-64hublzXw8bgU9qnCVvICoxbQpfseFi5SsXPobLNU8RV4lFzINYo4PMB8HUGHjYRj8mv9D47Xp8rwXY6w&state=85dce2e83e173c8d43bf10eb1bb170f5d52e7c4aefab44cb" for 127.0.0.1 at 2014-06-26 20:53:01 -0400
(facebook) Callback phase initiated.
(facebook) Authentication failure! invalid_credentials: OAuth2::Error, : 
{"error":{"message":"This authorization code has been used.","type":"OAuthException","code":100}}

OAuth2::Error (: 
{"error":{"message":"This authorization code has been used.","type":"OAuthException","code":100}}):
  oauth2 (0.9.4) lib/oauth2/client.rb:113:in `request'
  oauth2 (0.9.4) lib/oauth2/client.rb:138:in `get_token'
  oauth2 (0.9.4) lib/oauth2/strategy/auth_code.rb:29:in `get_token'
  omniauth-oauth2 (1.1.2) lib/omniauth/strategies/oauth2.rb:93:in `build_access_token'
  omniauth-facebook (1.4.1) lib/omniauth/strategies/facebook.rb:73:in `block in build_access_token'
  omniauth-facebook (1.4.1) lib/omniauth/strategies/facebook.rb:174:in `with_authorization_code!'
  omniauth-facebook (1.4.1) lib/omniauth/strategies/facebook.rb:73:in `build_access_token'
  omniauth-oauth2 (1.1.2) lib/omniauth/strategies/oauth2.rb:75:in `callback_phase'
  omniauth (1.2.1) lib/omniauth/strategy.rb:227:in `callback_call'
  omniauth (1.2.1) lib/omniauth/strategy.rb:184:in `call!'
  omniauth (1.2.1) lib/omniauth/strategy.rb:164:in `call'
  omniauth (1.2.1) lib/omniauth/builder.rb:59:in `call'
  rack (1.5.2) lib/rack/etag.rb:23:in `call'
  rack (1.5.2) lib/rack/conditionalget.rb:25:in `call'
  rack (1.5.2) lib/rack/head.rb:11:in `call'
  actionpack (4.1.1) lib/action_dispatch/middleware/params_parser.rb:27:in `call'
  actionpack (4.1.1) lib/action_dispatch/middleware/flash.rb:254:in `call'
  rack (1.5.2) lib/rack/session/abstract/id.rb:225:in `context'
  rack (1.5.2) lib/rack/session/abstract/id.rb:220:in `call'
  actionpack (4.1.1) lib/action_dispatch/middleware/cookies.rb:560:in `call'
  activerecord (4.1.1) lib/active_record/query_cache.rb:36:in `call'
  activerecord (4.1.1) lib/active_record/connection_adapters/abstract/connection_pool.rb:621:in `call'
  activerecord (4.1.1) lib/active_record/migration.rb:380:in `call'
  actionpack (4.1.1) lib/action_dispatch/middleware/callbacks.rb:29:in `block in call'
  activesupport (4.1.1) lib/active_support/callbacks.rb:82:in `run_callbacks'
  actionpack (4.1.1) lib/action_dispatch/middleware/callbacks.rb:27:in `call'
  actionpack (4.1.1) lib/action_dispatch/middleware/reloader.rb:73:in `call'
  actionpack (4.1.1) lib/action_dispatch/middleware/remote_ip.rb:76:in `call'
  actionpack (4.1.1) lib/action_dispatch/middleware/debug_exceptions.rb:17:in `call'
  actionpack (4.1.1) lib/action_dispatch/middleware/show_exceptions.rb:30:in `call'
  railties (4.1.1) lib/rails/rack/logger.rb:38:in `call_app'
  railties (4.1.1) lib/rails/rack/logger.rb:20:in `block in call'
  activesupport (4.1.1) lib/active_support/tagged_logging.rb:68:in `block in tagged'
  activesupport (4.1.1) lib/active_support/tagged_logging.rb:26:in `tagged'
  activesupport (4.1.1) lib/active_support/tagged_logging.rb:68:in `tagged'
  railties (4.1.1) lib/rails/rack/logger.rb:20:in `call'
  actionpack (4.1.1) lib/action_dispatch/middleware/request_id.rb:21:in `call'
  rack (1.5.2) lib/rack/methodoverride.rb:21:in `call'
  rack (1.5.2) lib/rack/runtime.rb:17:in `call'
  activesupport (4.1.1) lib/active_support/cache/strategy/local_cache_middleware.rb:26:in `call'
  rack (1.5.2) lib/rack/lock.rb:17:in `call'
  actionpack (4.1.1) lib/action_dispatch/middleware/static.rb:64:in `call'
  rack (1.5.2) lib/rack/sendfile.rb:112:in `call'
  railties (4.1.1) lib/rails/engine.rb:514:in `call'
  railties (4.1.1) lib/rails/application.rb:144:in `call'
  rack (1.5.2) lib/rack/lock.rb:17:in `call'
  rack (1.5.2) lib/rack/content_length.rb:14:in `call'
  rack (1.5.2) lib/rack/handler/webrick.rb:60:in `service'
  /Users/brendanscarano/.rvm/rubies/ruby-2.1.1/lib/ruby/2.1.0/webrick/httpserver.rb:138:in `service'
  /Users/brendanscarano/.rvm/rubies/ruby-2.1.1/lib/ruby/2.1.0/webrick/httpserver.rb:94:in `run'
  /Users/brendanscarano/.rvm/rubies/ruby-2.1.1/lib/ruby/2.1.0/webrick/server.rb:295:in `block in start_thread'


  Rendered /Users/brendanscarano/.rvm/gems/ruby-2.1.1/gems/actionpack-4.1.1/lib/action_dispatch/middleware/templates/rescues/_source.erb (0.5ms)
  Rendered /Users/brendanscarano/.rvm/gems/ruby-2.1.1/gems/actionpack-4.1.1/lib/action_dispatch/middleware/templates/rescues/_trace.html.erb (1.4ms)
  Rendered /Users/brendanscarano/.rvm/gems/ruby-2.1.1/gems/actionpack-4.1.1/lib/action_dispatch/middleware/templates/rescues/_request_and_response.html.erb (0.9ms)
  Rendered /Users/brendanscarano/.rvm/gems/ruby-2.1.1/gems/actionpack-4.1.1/lib/action_dispatch/middleware/templates/rescues/diagnostics.erb within rescues/layout (15.4ms)


Started GET "/auth/facebook/callback?code=AQC_ROMef2ikCqiOpGzOInddoLhFpaH7TjHN2-pq-JbG2gRBJpHEw5lq9vo9A4rIbwBH5Q7BnMq0ZNqPLwzpmi1B-lxaJoSgWYhoZZWPKNj4hr7LLTGj_XGrNLS4TqLwEfwXb6YMxy6BQtBrX2Mc1iDgzRZ8JGI7OUKj1F1aB6fJ7v_pGZAIdlcy6cYsjvAgUnL49BGu1GlEUIJGGvsXjBQgRDyN4Ls4_rNsmIVLjXZCzYbsLe7LLGHwAjZpZZ8vEuVyT62plrb-DvMoisd8_KyyqCAK_dTbQZr-3uUBNbLPmFLI6ZTsKmMaTouNPJbkLTs&state=85dce2e83e173c8d43bf10eb1bb170f5d52e7c4aefab44cb" for 127.0.0.1 at 2014-06-26 20:53:08 -0400
(facebook) Callback phase initiated.

AbstractController::ActionNotFound (The action 'create' could not be found for SessionsController):
  actionpack (4.1.1) lib/abstract_controller/base.rb:131:in `process'
  actionview (4.1.1) lib/action_view/rendering.rb:30:in `process'
  actionpack (4.1.1) lib/action_controller/metal.rb:195:in `dispatch'
  actionpack (4.1.1) lib/action_controller/metal/rack_delegation.rb:13:in `dispatch'
  actionpack (4.1.1) lib/action_controller/metal.rb:231:in `block in action'
  actionpack (4.1.1) lib/action_dispatch/routing/route_set.rb:80:in `call'
  actionpack (4.1.1) lib/action_dispatch/routing/route_set.rb:80:in `dispatch'
  actionpack (4.1.1) lib/action_dispatch/routing/route_set.rb:48:in `call'
  actionpack (4.1.1) lib/action_dispatch/journey/router.rb:71:in `block in call'
  actionpack (4.1.1) lib/action_dispatch/journey/router.rb:59:in `each'
  actionpack (4.1.1) lib/action_dispatch/journey/router.rb:59:in `call'
  actionpack (4.1.1) lib/action_dispatch/routing/route_set.rb:676:in `call'
  omniauth (1.2.1) lib/omniauth/strategy.rb:404:in `call_app!'
  omniauth (1.2.1) lib/omniauth/strategy.rb:362:in `callback_phase'
  omniauth-oauth2 (1.1.2) lib/omniauth/strategies/oauth2.rb:77:in `callback_phase'
  omniauth (1.2.1) lib/omniauth/strategy.rb:227:in `callback_call'
  omniauth (1.2.1) lib/omniauth/strategy.rb:184:in `call!'
  omniauth (1.2.1) lib/omniauth/strategy.rb:164:in `call'
  omniauth (1.2.1) lib/omniauth/builder.rb:59:in `call'
  rack (1.5.2) lib/rack/etag.rb:23:in `call'
  rack (1.5.2) lib/rack/conditionalget.rb:25:in `call'
  rack (1.5.2) lib/rack/head.rb:11:in `call'
  actionpack (4.1.1) lib/action_dispatch/middleware/params_parser.rb:27:in `call'
  actionpack (4.1.1) lib/action_dispatch/middleware/flash.rb:254:in `call'
  rack (1.5.2) lib/rack/session/abstract/id.rb:225:in `context'
  rack (1.5.2) lib/rack/session/abstract/id.rb:220:in `call'
  actionpack (4.1.1) lib/action_dispatch/middleware/cookies.rb:560:in `call'
  activerecord (4.1.1) lib/active_record/query_cache.rb:36:in `call'
  activerecord (4.1.1) lib/active_record/connection_adapters/abstract/connection_pool.rb:621:in `call'
  activerecord (4.1.1) lib/active_record/migration.rb:380:in `call'
  actionpack (4.1.1) lib/action_dispatch/middleware/callbacks.rb:29:in `block in call'
  activesupport (4.1.1) lib/active_support/callbacks.rb:82:in `run_callbacks'
  actionpack (4.1.1) lib/action_dispatch/middleware/callbacks.rb:27:in `call'
  actionpack (4.1.1) lib/action_dispatch/middleware/reloader.rb:73:in `call'
  actionpack (4.1.1) lib/action_dispatch/middleware/remote_ip.rb:76:in `call'
  actionpack (4.1.1) lib/action_dispatch/middleware/debug_exceptions.rb:17:in `call'
  actionpack (4.1.1) lib/action_dispatch/middleware/show_exceptions.rb:30:in `call'
  railties (4.1.1) lib/rails/rack/logger.rb:38:in `call_app'
  railties (4.1.1) lib/rails/rack/logger.rb:20:in `block in call'
  activesupport (4.1.1) lib/active_support/tagged_logging.rb:68:in `block in tagged'
  activesupport (4.1.1) lib/active_support/tagged_logging.rb:26:in `tagged'
  activesupport (4.1.1) lib/active_support/tagged_logging.rb:68:in `tagged'
  railties (4.1.1) lib/rails/rack/logger.rb:20:in `call'
  actionpack (4.1.1) lib/action_dispatch/middleware/request_id.rb:21:in `call'
  rack (1.5.2) lib/rack/methodoverride.rb:21:in `call'
  rack (1.5.2) lib/rack/runtime.rb:17:in `call'
  activesupport (4.1.1) lib/active_support/cache/strategy/local_cache_middleware.rb:26:in `call'
  rack (1.5.2) lib/rack/lock.rb:17:in `call'
  actionpack (4.1.1) lib/action_dispatch/middleware/static.rb:64:in `call'
  rack (1.5.2) lib/rack/sendfile.rb:112:in `call'
  railties (4.1.1) lib/rails/engine.rb:514:in `call'
  railties (4.1.1) lib/rails/application.rb:144:in `call'
  rack (1.5.2) lib/rack/lock.rb:17:in `call'
  rack (1.5.2) lib/rack/content_length.rb:14:in `call'
  rack (1.5.2) lib/rack/handler/webrick.rb:60:in `service'
  /Users/brendanscarano/.rvm/rubies/ruby-2.1.1/lib/ruby/2.1.0/webrick/httpserver.rb:138:in `service'
  /Users/brendanscarano/.rvm/rubies/ruby-2.1.1/lib/ruby/2.1.0/webrick/httpserver.rb:94:in `run'
  /Users/brendanscarano/.rvm/rubies/ruby-2.1.1/lib/ruby/2.1.0/webrick/server.rb:295:in `block in start_thread'


  Rendered /Users/brendanscarano/.rvm/gems/ruby-2.1.1/gems/actionpack-4.1.1/lib/action_dispatch/middleware/templates/rescues/unknown_action.html.erb within rescues/layout (2.1ms)


Started GET "/" for 127.0.0.1 at 2014-06-26 20:53:10 -0400
Processing by FoldersController#index as HTML
  Rendered folders/index.html.erb within layouts/application (0.1ms)
Completed 200 OK in 4ms (Views: 3.8ms | ActiveRecord: 0.0ms)


Started GET "/assets/jquery.js?body=1" for 127.0.0.1 at 2014-06-26 20:53:10 -0400


Started GET "/assets/application.css?body=1" for 127.0.0.1 at 2014-06-26 20:53:10 -0400


Started GET "/assets/jquery_ujs.js?body=1" for 127.0.0.1 at 2014-06-26 20:53:10 -0400


Started GET "/assets/turbolinks.js?body=1" for 127.0.0.1 at 2014-06-26 20:53:10 -0400


Started GET "/assets/application.js?body=1" for 127.0.0.1 at 2014-06-26 20:53:10 -0400


Started GET "/auth/facebook" for 127.0.0.1 at 2014-06-26 20:53:11 -0400
(facebook) Request phase initiated.


Started GET "/auth/facebook" for 127.0.0.1 at 2014-06-26 20:53:12 -0400
(facebook) Request phase initiated.


Started GET "/auth/facebook/callback?code=AQA503i8hNchap2R9C7JmqE_hwjBN8-ONYmoTTKggYc4ZtA1ZUWL0pxBikEHwLOq-YxabMK1JecS7oWBVWlzuH6SLG-fpr6MnsQodD3eIxFa-mHflaV319hFaFI-mRqY6LEIgEuS62kdl9bBklo8O3qG8G7HgHYOGc7LUHfilHUMF_4jpIEaHTsOJB-HJwZWBFTs4mxP6dVKSpn-De8A7NbqTssapxPq-XAI4JgqMhKDq2KDs0HG_cTTMyLdv0_Myyiunz9DOGXDWPqWhYEVBN8DOUscs20SOy2ZR446pA4ZTDwyOMBq8-l6p7_xROKq-F0&state=f8beac9fc9cd1ae4055c8747392cebbf8e73645d2b1f7ea1" for 127.0.0.1 at 2014-06-26 20:53:12 -0400
(facebook) Callback phase initiated.

AbstractController::ActionNotFound (The action 'create' could not be found for SessionsController):
  actionpack (4.1.1) lib/abstract_controller/base.rb:131:in `process'
  actionview (4.1.1) lib/action_view/rendering.rb:30:in `process'
  actionpack (4.1.1) lib/action_controller/metal.rb:195:in `dispatch'
  actionpack (4.1.1) lib/action_controller/metal/rack_delegation.rb:13:in `dispatch'
  actionpack (4.1.1) lib/action_controller/metal.rb:231:in `block in action'
  actionpack (4.1.1) lib/action_dispatch/routing/route_set.rb:80:in `call'
  actionpack (4.1.1) lib/action_dispatch/routing/route_set.rb:80:in `dispatch'
  actionpack (4.1.1) lib/action_dispatch/routing/route_set.rb:48:in `call'
  actionpack (4.1.1) lib/action_dispatch/journey/router.rb:71:in `block in call'
  actionpack (4.1.1) lib/action_dispatch/journey/router.rb:59:in `each'
  actionpack (4.1.1) lib/action_dispatch/journey/router.rb:59:in `call'
  actionpack (4.1.1) lib/action_dispatch/routing/route_set.rb:676:in `call'
  omniauth (1.2.1) lib/omniauth/strategy.rb:404:in `call_app!'
  omniauth (1.2.1) lib/omniauth/strategy.rb:362:in `callback_phase'
  omniauth-oauth2 (1.1.2) lib/omniauth/strategies/oauth2.rb:77:in `callback_phase'
  omniauth (1.2.1) lib/omniauth/strategy.rb:227:in `callback_call'
  omniauth (1.2.1) lib/omniauth/strategy.rb:184:in `call!'
  omniauth (1.2.1) lib/omniauth/strategy.rb:164:in `call'
  omniauth (1.2.1) lib/omniauth/builder.rb:59:in `call'
  rack (1.5.2) lib/rack/etag.rb:23:in `call'
  rack (1.5.2) lib/rack/conditionalget.rb:25:in `call'
  rack (1.5.2) lib/rack/head.rb:11:in `call'
  actionpack (4.1.1) lib/action_dispatch/middleware/params_parser.rb:27:in `call'
  actionpack (4.1.1) lib/action_dispatch/middleware/flash.rb:254:in `call'
  rack (1.5.2) lib/rack/session/abstract/id.rb:225:in `context'
  rack (1.5.2) lib/rack/session/abstract/id.rb:220:in `call'
  actionpack (4.1.1) lib/action_dispatch/middleware/cookies.rb:560:in `call'
  activerecord (4.1.1) lib/active_record/query_cache.rb:36:in `call'
  activerecord (4.1.1) lib/active_record/connection_adapters/abstract/connection_pool.rb:621:in `call'
  activerecord (4.1.1) lib/active_record/migration.rb:380:in `call'
  actionpack (4.1.1) lib/action_dispatch/middleware/callbacks.rb:29:in `block in call'
  activesupport (4.1.1) lib/active_support/callbacks.rb:82:in `run_callbacks'
  actionpack (4.1.1) lib/action_dispatch/middleware/callbacks.rb:27:in `call'
  actionpack (4.1.1) lib/action_dispatch/middleware/reloader.rb:73:in `call'
  actionpack (4.1.1) lib/action_dispatch/middleware/remote_ip.rb:76:in `call'
  actionpack (4.1.1) lib/action_dispatch/middleware/debug_exceptions.rb:17:in `call'
  actionpack (4.1.1) lib/action_dispatch/middleware/show_exceptions.rb:30:in `call'
  railties (4.1.1) lib/rails/rack/logger.rb:38:in `call_app'
  railties (4.1.1) lib/rails/rack/logger.rb:20:in `block in call'
  activesupport (4.1.1) lib/active_support/tagged_logging.rb:68:in `block in tagged'
  activesupport (4.1.1) lib/active_support/tagged_logging.rb:26:in `tagged'
  activesupport (4.1.1) lib/active_support/tagged_logging.rb:68:in `tagged'
  railties (4.1.1) lib/rails/rack/logger.rb:20:in `call'
  actionpack (4.1.1) lib/action_dispatch/middleware/request_id.rb:21:in `call'
  rack (1.5.2) lib/rack/methodoverride.rb:21:in `call'
  rack (1.5.2) lib/rack/runtime.rb:17:in `call'
  activesupport (4.1.1) lib/active_support/cache/strategy/local_cache_middleware.rb:26:in `call'
  rack (1.5.2) lib/rack/lock.rb:17:in `call'
  actionpack (4.1.1) lib/action_dispatch/middleware/static.rb:64:in `call'
  rack (1.5.2) lib/rack/sendfile.rb:112:in `call'
  railties (4.1.1) lib/rails/engine.rb:514:in `call'
  railties (4.1.1) lib/rails/application.rb:144:in `call'
  rack (1.5.2) lib/rack/lock.rb:17:in `call'
  rack (1.5.2) lib/rack/content_length.rb:14:in `call'
  rack (1.5.2) lib/rack/handler/webrick.rb:60:in `service'
  /Users/brendanscarano/.rvm/rubies/ruby-2.1.1/lib/ruby/2.1.0/webrick/httpserver.rb:138:in `service'
  /Users/brendanscarano/.rvm/rubies/ruby-2.1.1/lib/ruby/2.1.0/webrick/httpserver.rb:94:in `run'
  /Users/brendanscarano/.rvm/rubies/ruby-2.1.1/lib/ruby/2.1.0/webrick/server.rb:295:in `block in start_thread'


  Rendered /Users/brendanscarano/.rvm/gems/ruby-2.1.1/gems/actionpack-4.1.1/lib/action_dispatch/middleware/templates/rescues/unknown_action.html.erb within rescues/layout (0.7ms)


Started GET "/" for 127.0.0.1 at 2014-06-26 20:53:18 -0400
Processing by FoldersController#index as HTML
  Rendered folders/index.html.erb within layouts/application (0.0ms)
Completed 200 OK in 4ms (Views: 3.7ms | ActiveRecord: 0.0ms)


Started GET "/assets/application.js?body=1" for 127.0.0.1 at 2014-06-26 20:53:18 -0400


Started GET "/assets/jquery.js?body=1" for 127.0.0.1 at 2014-06-26 20:53:18 -0400


Started GET "/assets/turbolinks.js?body=1" for 127.0.0.1 at 2014-06-26 20:53:18 -0400


Started GET "/assets/jquery_ujs.js?body=1" for 127.0.0.1 at 2014-06-26 20:53:18 -0400


Started GET "/assets/application.css?body=1" for 127.0.0.1 at 2014-06-26 20:53:18 -0400


Started GET "/auth/facebook" for 127.0.0.1 at 2014-06-26 20:53:19 -0400
(facebook) Request phase initiated.


Started GET "/auth/facebook" for 127.0.0.1 at 2014-06-26 20:53:19 -0400
(facebook) Request phase initiated.


Started GET "/auth/facebook/callback?code=AQCr3qv_4ela8CIr8qoePfBRQOFitzzjXGUsiZ95Wr_Wg_PTwv7hcBHnP5Sit3U8lVRSXsVfNdpGBqa2CRp6Bv--yaB_Ejza9v7Ezg9v9Iqc42T_mUGYZxpCkM74VUTYvocrF5fonVRADnKTuzue57zS5oyeL4rm2NYnzNrqmbXaGVCnx6MiEPuqR7UpL-HemjY1GKLQnguLxoeLBUig434g2EBWLXaScY7C1t8icDnZWdF1NPyJwyCkUhvCGKdRr1vXyqYlLQefz526s--2fIln9YqalH4GkmuwFz6Ar-xAcKHk99VSpXvLAHbOs5A7iwQ&state=b5b5cec5d27e1abaa6ec3eb4f5baa90e830a413daf6a07b5" for 127.0.0.1 at 2014-06-26 20:53:20 -0400
(facebook) Callback phase initiated.
Processing by SessionsController#create as HTML
  Parameters: {"code"=>"AQCr3qv_4ela8CIr8qoePfBRQOFitzzjXGUsiZ95Wr_Wg_PTwv7hcBHnP5Sit3U8lVRSXsVfNdpGBqa2CRp6Bv--yaB_Ejza9v7Ezg9v9Iqc42T_mUGYZxpCkM74VUTYvocrF5fonVRADnKTuzue57zS5oyeL4rm2NYnzNrqmbXaGVCnx6MiEPuqR7UpL-HemjY1GKLQnguLxoeLBUig434g2EBWLXaScY7C1t8icDnZWdF1NPyJwyCkUhvCGKdRr1vXyqYlLQefz526s--2fIln9YqalH4GkmuwFz6Ar-xAcKHk99VSpXvLAHbOs5A7iwQ", "state"=>"b5b5cec5d27e1abaa6ec3eb4f5baa90e830a413daf6a07b5", "provider"=>"facebook"}
Completed 500 Internal Server Error in 1ms

NameError (uninitialized constant ActiceRecord):
  app/models/user.rb:1:in `<top (required)>'
  app/controllers/sessions_controller.rb:3:in `create'


  Rendered /Users/brendanscarano/.rvm/gems/ruby-2.1.1/gems/actionpack-4.1.1/lib/action_dispatch/middleware/templates/rescues/_source.erb (0.6ms)
  Rendered /Users/brendanscarano/.rvm/gems/ruby-2.1.1/gems/actionpack-4.1.1/lib/action_dispatch/middleware/templates/rescues/_trace.html.erb (1.2ms)
  Rendered /Users/brendanscarano/.rvm/gems/ruby-2.1.1/gems/actionpack-4.1.1/lib/action_dispatch/middleware/templates/rescues/_request_and_response.html.erb (0.9ms)
  Rendered /Users/brendanscarano/.rvm/gems/ruby-2.1.1/gems/actionpack-4.1.1/lib/action_dispatch/middleware/templates/rescues/diagnostics.erb within rescues/layout (14.7ms)


Started GET "/" for 127.0.0.1 at 2014-06-26 21:07:55 -0400
  [1m[36mActiveRecord::SchemaMigration Load (0.7ms)[0m  [1mSELECT "schema_migrations".* FROM "schema_migrations"[0m
Processing by FoldersController#index as HTML
  Rendered folders/index.html.erb within layouts/application (2.4ms)
Completed 200 OK in 51ms (Views: 39.6ms | ActiveRecord: 0.0ms)


Started GET "/assets/application.css?body=1" for 127.0.0.1 at 2014-06-26 21:07:55 -0400


Started GET "/assets/jquery.js?body=1" for 127.0.0.1 at 2014-06-26 21:07:55 -0400


Started GET "/assets/application.js?body=1" for 127.0.0.1 at 2014-06-26 21:07:55 -0400


Started GET "/assets/jquery_ujs.js?body=1" for 127.0.0.1 at 2014-06-26 21:07:55 -0400


Started GET "/assets/turbolinks.js?body=1" for 127.0.0.1 at 2014-06-26 21:07:55 -0400


Started GET "/auth/facebook" for 127.0.0.1 at 2014-06-26 21:07:56 -0400
(facebook) Request phase initiated.


Started GET "/auth/facebook" for 127.0.0.1 at 2014-06-26 21:07:56 -0400
(facebook) Request phase initiated.


Started GET "/auth/facebook/callback?code=AQDJROLtv5QKJyWgSC5QZIuG_-ildhBFu_6vOQTaAFIFWwKi8RR3BNL6iRqoA71TFcGsQG4Cj485fTR40C4z_amzHEg7vb0pF4w7ULLH-eMhxGdXUnPgjaI8bkNM0Oe2v_taT_SEYAOBqcVmlZPapR6rwRCt6XFLJLoHbWiJQpkhBvHtYhoU1C3x9t33Bwo4gVXyjrLyM1BRf28TsuVA0JPS9KWd2-QHQ-IG6ianikIglOr3Wkpk5jYD36DVto1bbe8DpBaNwuaUA4_hQQYSOY6PjmzgKWTL1wwKX1YE2pn_LArjqo_yvSYrM06_0MTLyP8&state=319844eeade2e812b684e2d16be27ab24df58fc36cb3be1d" for 127.0.0.1 at 2014-06-26 21:08:01 -0400
(facebook) Callback phase initiated.
Processing by SessionsController#create as HTML
  Parameters: {"code"=>"AQDJROLtv5QKJyWgSC5QZIuG_-ildhBFu_6vOQTaAFIFWwKi8RR3BNL6iRqoA71TFcGsQG4Cj485fTR40C4z_amzHEg7vb0pF4w7ULLH-eMhxGdXUnPgjaI8bkNM0Oe2v_taT_SEYAOBqcVmlZPapR6rwRCt6XFLJLoHbWiJQpkhBvHtYhoU1C3x9t33Bwo4gVXyjrLyM1BRf28TsuVA0JPS9KWd2-QHQ-IG6ianikIglOr3Wkpk5jYD36DVto1bbe8DpBaNwuaUA4_hQQYSOY6PjmzgKWTL1wwKX1YE2pn_LArjqo_yvSYrM06_0MTLyP8", "state"=>"319844eeade2e812b684e2d16be27ab24df58fc36cb3be1d", "provider"=>"facebook"}
Completed 500 Internal Server Error in 2ms

NameError (uninitialized constant ActiceRecord):
  app/models/user.rb:1:in `<top (required)>'
  app/controllers/sessions_controller.rb:3:in `create'


  Rendered /Users/brendanscarano/.rvm/gems/ruby-2.1.1/gems/actionpack-4.1.1/lib/action_dispatch/middleware/templates/rescues/_source.erb (1.0ms)
  Rendered /Users/brendanscarano/.rvm/gems/ruby-2.1.1/gems/actionpack-4.1.1/lib/action_dispatch/middleware/templates/rescues/_trace.html.erb (2.2ms)
  Rendered /Users/brendanscarano/.rvm/gems/ruby-2.1.1/gems/actionpack-4.1.1/lib/action_dispatch/middleware/templates/rescues/_request_and_response.html.erb (1.7ms)
  Rendered /Users/brendanscarano/.rvm/gems/ruby-2.1.1/gems/actionpack-4.1.1/lib/action_dispatch/middleware/templates/rescues/diagnostics.erb within rescues/layout (28.5ms)


Started GET "/auth/facebook/callback?code=AQDAQse6i25fC-dKxAtKBNfjCpclmVQZUgu4HU7DlWnwZzGtTVsXmrtL3a8dJiNY35oGnDEnrgYEqT9VKeq1TYN9bIZOUjW2HwqSWqXZjUg2f_BUS6AFQY7_0ZchOWOlvBHPuSF08JMLFfBP4-xFQ1WDPMwrVu_NBgfLCsRTG0sEArVx8zPxJfRe_zq-19FNrtaCEw-nAWUW397YInZVdWEQPt5LFI-f30LVnaPj5QBzqoBiTZ4J78kogP5ZO-QMA0Wx6S_XAA8sZNIMnRQ734DCmCgaBk-y-lC1TfuWEkK0CFvg5opbAhXRpQsVv6nVIP8&state=319844eeade2e812b684e2d16be27ab24df58fc36cb3be1d" for 127.0.0.1 at 2014-06-26 21:08:10 -0400
(facebook) Callback phase initiated.
Processing by SessionsController#create as HTML
  Parameters: {"code"=>"AQDAQse6i25fC-dKxAtKBNfjCpclmVQZUgu4HU7DlWnwZzGtTVsXmrtL3a8dJiNY35oGnDEnrgYEqT9VKeq1TYN9bIZOUjW2HwqSWqXZjUg2f_BUS6AFQY7_0ZchOWOlvBHPuSF08JMLFfBP4-xFQ1WDPMwrVu_NBgfLCsRTG0sEArVx8zPxJfRe_zq-19FNrtaCEw-nAWUW397YInZVdWEQPt5LFI-f30LVnaPj5QBzqoBiTZ4J78kogP5ZO-QMA0Wx6S_XAA8sZNIMnRQ734DCmCgaBk-y-lC1TfuWEkK0CFvg5opbAhXRpQsVv6nVIP8", "state"=>"319844eeade2e812b684e2d16be27ab24df58fc36cb3be1d", "provider"=>"facebook"}
Completed 500 Internal Server Error in 1ms

NameError (uninitialized constant ActiceRecord):
  app/models/user.rb:1:in `<top (required)>'
  app/controllers/sessions_controller.rb:3:in `create'


  Rendered /Users/brendanscarano/.rvm/gems/ruby-2.1.1/gems/actionpack-4.1.1/lib/action_dispatch/middleware/templates/rescues/_source.erb (1.1ms)
  Rendered /Users/brendanscarano/.rvm/gems/ruby-2.1.1/gems/actionpack-4.1.1/lib/action_dispatch/middleware/templates/rescues/_trace.html.erb (1.2ms)
  Rendered /Users/brendanscarano/.rvm/gems/ruby-2.1.1/gems/actionpack-4.1.1/lib/action_dispatch/middleware/templates/rescues/_request_and_response.html.erb (0.9ms)
  Rendered /Users/brendanscarano/.rvm/gems/ruby-2.1.1/gems/actionpack-4.1.1/lib/action_dispatch/middleware/templates/rescues/diagnostics.erb within rescues/layout (16.6ms)


Started GET "/" for 127.0.0.1 at 2014-06-26 21:09:32 -0400
  [1m[36mActiveRecord::SchemaMigration Load (1.2ms)[0m  [1mSELECT "schema_migrations".* FROM "schema_migrations"[0m
Processing by FoldersController#index as HTML
  Rendered folders/index.html.erb within layouts/application (2.6ms)
Completed 200 OK in 69ms (Views: 57.2ms | ActiveRecord: 0.0ms)


Started GET "/assets/application.css?body=1" for 127.0.0.1 at 2014-06-26 21:09:32 -0400


Started GET "/assets/jquery_ujs.js?body=1" for 127.0.0.1 at 2014-06-26 21:09:32 -0400


Started GET "/assets/jquery.js?body=1" for 127.0.0.1 at 2014-06-26 21:09:32 -0400


Started GET "/assets/turbolinks.js?body=1" for 127.0.0.1 at 2014-06-26 21:09:32 -0400


Started GET "/assets/application.js?body=1" for 127.0.0.1 at 2014-06-26 21:09:32 -0400


Started GET "/auth/facebook" for 127.0.0.1 at 2014-06-26 21:09:34 -0400
(facebook) Request phase initiated.


Started GET "/auth/facebook" for 127.0.0.1 at 2014-06-26 21:09:35 -0400
(facebook) Request phase initiated.


Started GET "/auth/facebook/callback?code=AQDcXL8eAw9gradnGXKz1dc1xG5BUdSdM5vdh7KQzcKu8kgWJHVcj8OPoS7UIOqI7GAWl7Il6j506ZMjaGlUXDzaFyNOzUPb_A4u56yhLaPBZZNsHGsVGqEJKuobxT_A5wzHmzZp8bZ1id_89DR1W7YLli_y-_KIrcaaGnMA0KRp3gvsuX3mQOO_okeZmxazKCgquI63mBc5kKXMQDHWKzzqKh5WIQTDmlBfScFn2fudNqXO0zN_fl9PAuQC3Me1NI4-Qss_orVTMjFYr6RY4h3qEcmjfvXZEHWw-o6FX9zCiuRF5MtA6I-56Hk8eXHmrdc&state=2bab65d2abcacdc4e424f0c3036168c3812471c5ad9e4974" for 127.0.0.1 at 2014-06-26 21:09:35 -0400
(facebook) Callback phase initiated.
Processing by SessionsController#create as HTML
  Parameters: {"code"=>"AQDcXL8eAw9gradnGXKz1dc1xG5BUdSdM5vdh7KQzcKu8kgWJHVcj8OPoS7UIOqI7GAWl7Il6j506ZMjaGlUXDzaFyNOzUPb_A4u56yhLaPBZZNsHGsVGqEJKuobxT_A5wzHmzZp8bZ1id_89DR1W7YLli_y-_KIrcaaGnMA0KRp3gvsuX3mQOO_okeZmxazKCgquI63mBc5kKXMQDHWKzzqKh5WIQTDmlBfScFn2fudNqXO0zN_fl9PAuQC3Me1NI4-Qss_orVTMjFYr6RY4h3qEcmjfvXZEHWw-o6FX9zCiuRF5MtA6I-56Hk8eXHmrdc", "state"=>"2bab65d2abcacdc4e424f0c3036168c3812471c5ad9e4974", "provider"=>"facebook"}
  [1m[35mUser Load (5.5ms)[0m  SELECT  "users".* FROM "users"  WHERE "users"."provider" = 'facebook' AND "users"."uid" = '10154283904805293'  ORDER BY "users"."id" ASC LIMIT 1
  [1m[36m (0.2ms)[0m  [1mBEGIN[0m
  [1m[35mSQL (4.1ms)[0m  INSERT INTO "users" ("created_at", "email", "image", "name", "oauth_expires_at", "oauth_token", "provider", "uid", "updated_at") VALUES ($1, $2, $3, $4, $5, $6, $7, $8, $9) RETURNING "id"  [["created_at", "2014-06-27 01:09:35.659535"], ["email", "brockey34@aol.com"], ["image", "http://graph.facebook.com/10154283904805293/picture?type=square"], ["name", "Brendan Joe"], ["oauth_expires_at", "2014-08-26 01:08:01.000000"], ["oauth_token", "CAAUhfcEtdIABALXxNVcvNcGIbQ2nyGZBhgCZBmIBlVPaFbNzVi4clGyGjkrdgvks5sKDyjasABpzq7Ta3fJ9ge2l7M4dowkiJHkK2mPqEjhlGvFfamjzh7ainV6obkkwfdUeuo4avtywlvgZBUNGVKH9qJDpsr6nZArVEMZBxz6VAb7lkerE2FIJ9YDM6dWIZD"], ["provider", "facebook"], ["uid", "10154283904805293"], ["updated_at", "2014-06-27 01:09:35.659535"]]
  [1m[36m (0.5ms)[0m  [1mCOMMIT[0m
Redirected to http://localhost:3000/
Completed 302 Found in 47ms (ActiveRecord: 14.9ms)


Started GET "/" for 127.0.0.1 at 2014-06-26 21:09:35 -0400
Processing by FoldersController#index as HTML
  Rendered folders/index.html.erb within layouts/application (0.0ms)
  [1m[35mUser Load (1.3ms)[0m  SELECT  "users".* FROM "users"  WHERE "users"."id" = $1 LIMIT 1  [["id", 1]]
Completed 200 OK in 7ms (Views: 4.7ms | ActiveRecord: 1.3ms)


Started GET "/assets/application.css?body=1" for 127.0.0.1 at 2014-06-26 21:09:35 -0400


Started GET "/assets/jquery.js?body=1" for 127.0.0.1 at 2014-06-26 21:09:35 -0400


Started GET "/assets/turbolinks.js?body=1" for 127.0.0.1 at 2014-06-26 21:09:35 -0400


Started GET "/assets/jquery_ujs.js?body=1" for 127.0.0.1 at 2014-06-26 21:09:35 -0400


Started GET "/assets/application.js?body=1" for 127.0.0.1 at 2014-06-26 21:09:35 -0400


Started GET "/signout" for 127.0.0.1 at 2014-06-26 21:09:44 -0400
Processing by SessionsController#destroy as HTML
Redirected to http://localhost:3000/
Completed 302 Found in 2ms (ActiveRecord: 0.0ms)


Started GET "/" for 127.0.0.1 at 2014-06-26 21:09:44 -0400
Processing by FoldersController#index as HTML
  Rendered folders/index.html.erb within layouts/application (0.4ms)
Completed 200 OK in 8ms (Views: 6.7ms | ActiveRecord: 0.0ms)


Started GET "/auth/facebook" for 127.0.0.1 at 2014-06-26 21:09:45 -0400
(facebook) Request phase initiated.


Started GET "/auth/facebook" for 127.0.0.1 at 2014-06-26 21:09:45 -0400
(facebook) Request phase initiated.


Started GET "/auth/facebook/callback?code=AQA96U3XMT-2qL2zqc7_NLzknyKdRTRfpsazFdvHA3wDZqAdWkOOIXiA5Nl6jgYWbxywewe_cuXqn6sj0IQFbuVC8ajWjMVxnLlTeDxQSAbLK-l3D_vSReVL38UI32e8u64t_j5zbdb7vGmNOk7apOsxK4k71Q8cCOucfK_vyXeGU_phy3sjLWtq0t1_no8sy_9kBHB1MyUxdpHVWYZtvtg3Du-H8T5VVDpMI0_ZFLdOY9APch_l8I80UjLiJNbvSt6eqSMbcTYD69hggX2PbSZOUTEi-QWtmwC7d2ZqM5tW0YAgYKUN4UecCb3WZ_jsYUQ&state=b3b4445209ba601055abb31051b48e009729c661af80d518" for 127.0.0.1 at 2014-06-26 21:09:45 -0400
(facebook) Callback phase initiated.
Processing by SessionsController#create as HTML
  Parameters: {"code"=>"AQA96U3XMT-2qL2zqc7_NLzknyKdRTRfpsazFdvHA3wDZqAdWkOOIXiA5Nl6jgYWbxywewe_cuXqn6sj0IQFbuVC8ajWjMVxnLlTeDxQSAbLK-l3D_vSReVL38UI32e8u64t_j5zbdb7vGmNOk7apOsxK4k71Q8cCOucfK_vyXeGU_phy3sjLWtq0t1_no8sy_9kBHB1MyUxdpHVWYZtvtg3Du-H8T5VVDpMI0_ZFLdOY9APch_l8I80UjLiJNbvSt6eqSMbcTYD69hggX2PbSZOUTEi-QWtmwC7d2ZqM5tW0YAgYKUN4UecCb3WZ_jsYUQ", "state"=>"b3b4445209ba601055abb31051b48e009729c661af80d518", "provider"=>"facebook"}
  [1m[36mUser Load (3.1ms)[0m  [1mSELECT  "users".* FROM "users"  WHERE "users"."provider" = 'facebook' AND "users"."uid" = '10154283904805293'  ORDER BY "users"."id" ASC LIMIT 1[0m
  [1m[35m (0.2ms)[0m  BEGIN
  [1m[36mSQL (0.6ms)[0m  [1mUPDATE "users" SET "oauth_token" = $1, "updated_at" = $2 WHERE "users"."id" = 1[0m  [["oauth_token", "CAAUhfcEtdIABALlyLuipwax5cRCeMBXRsktatJBxHZCUo0D7I0nmOv0IfDKokTsyvpe5b0muTTCvNLai0daIbNkCxvOUqkXAD7EEsUqMjTaDYgskS97EDtqmbjZA7vTTg1ABFKk5cRXPHIKwZBsZAgHcTKogi6YQaZCk8EDZA9cagj3pJZAHOJVkBcMmFkyDG0ZD"], ["updated_at", "2014-06-27 01:09:46.150712"]]
  [1m[35m (0.3ms)[0m  COMMIT
Redirected to http://localhost:3000/
Completed 302 Found in 10ms (ActiveRecord: 4.2ms)


Started GET "/" for 127.0.0.1 at 2014-06-26 21:09:46 -0400
Processing by FoldersController#index as HTML
  Rendered folders/index.html.erb within layouts/application (0.0ms)
  [1m[36mUser Load (0.4ms)[0m  [1mSELECT  "users".* FROM "users"  WHERE "users"."id" = $1 LIMIT 1[0m  [["id", 1]]
Completed 200 OK in 5ms (Views: 3.8ms | ActiveRecord: 0.4ms)


Started GET "/assets/application.css?body=1" for 127.0.0.1 at 2014-06-26 21:09:46 -0400


Started GET "/assets/application.js?body=1" for 127.0.0.1 at 2014-06-26 21:09:46 -0400


Started GET "/assets/jquery.js?body=1" for 127.0.0.1 at 2014-06-26 21:09:46 -0400


Started GET "/assets/jquery_ujs.js?body=1" for 127.0.0.1 at 2014-06-26 21:09:46 -0400


Started GET "/assets/turbolinks.js?body=1" for 127.0.0.1 at 2014-06-26 21:09:46 -0400


Started GET "/signout" for 127.0.0.1 at 2014-06-26 21:09:47 -0400
Processing by SessionsController#destroy as HTML
Redirected to http://localhost:3000/
Completed 302 Found in 2ms (ActiveRecord: 0.0ms)


Started GET "/" for 127.0.0.1 at 2014-06-26 21:09:47 -0400
Processing by FoldersController#index as HTML
  Rendered folders/index.html.erb within layouts/application (0.1ms)
Completed 200 OK in 5ms (Views: 4.4ms | ActiveRecord: 0.0ms)


Started GET "/" for 127.0.0.1 at 2014-06-27 08:57:03 -0400
  [1m[36mActiveRecord::SchemaMigration Load (1.3ms)[0m  [1mSELECT "schema_migrations".* FROM "schema_migrations"[0m
Processing by FoldersController#index as HTML
  Rendered folders/index.html.erb within layouts/application (2.7ms)
Completed 200 OK in 66ms (Views: 53.1ms | ActiveRecord: 0.0ms)


Started GET "/assets/jquery.js?body=1" for 127.0.0.1 at 2014-06-27 08:57:03 -0400


Started GET "/assets/jquery_ujs.js?body=1" for 127.0.0.1 at 2014-06-27 08:57:03 -0400


Started GET "/assets/application.css?body=1" for 127.0.0.1 at 2014-06-27 08:57:03 -0400


Started GET "/assets/turbolinks.js?body=1" for 127.0.0.1 at 2014-06-27 08:57:03 -0400


Started GET "/assets/application.js?body=1" for 127.0.0.1 at 2014-06-27 08:57:03 -0400


Started GET "/auth/facebook" for 127.0.0.1 at 2014-06-27 08:57:05 -0400
(facebook) Request phase initiated.


Started GET "/auth/facebook" for 127.0.0.1 at 2014-06-27 08:57:05 -0400
(facebook) Request phase initiated.


Started GET "/auth/facebook/callback?code=AQBJEnlC92JeefPXVe3TGeZ5VGfAbrHNAHk5Goyeu7RQHQMtW_0id_vu8-Fy3ctT08ZOlKiR2GgJbsdcCAHbtC7mTqWGKgnEucpb6ScUxAoTxyrrS6g0Yi1wDotDcVcDOHFs8xdMjg93yucFfL5rTFe_0kiQQWhQZK-1d0tsEzwin35Djxh0N70Sq4EFM-md-8oZw8rvGaBj-jzzl58ZftTE-TKttRCuixSoA_waiaGi7yCOmTHBuFKDNOO35dZDQKw8jgwQfaqI28Bo4PSRfVr45jNDXy2halsIE8hXFmsLPbAIQl86cWHFy36N4zvrELo&state=cfd358de2c4677434e67005dc3c195f3f50199571e188a74" for 127.0.0.1 at 2014-06-27 08:57:05 -0400
(facebook) Callback phase initiated.
Processing by SessionsController#create as HTML
  Parameters: {"code"=>"AQBJEnlC92JeefPXVe3TGeZ5VGfAbrHNAHk5Goyeu7RQHQMtW_0id_vu8-Fy3ctT08ZOlKiR2GgJbsdcCAHbtC7mTqWGKgnEucpb6ScUxAoTxyrrS6g0Yi1wDotDcVcDOHFs8xdMjg93yucFfL5rTFe_0kiQQWhQZK-1d0tsEzwin35Djxh0N70Sq4EFM-md-8oZw8rvGaBj-jzzl58ZftTE-TKttRCuixSoA_waiaGi7yCOmTHBuFKDNOO35dZDQKw8jgwQfaqI28Bo4PSRfVr45jNDXy2halsIE8hXFmsLPbAIQl86cWHFy36N4zvrELo", "state"=>"cfd358de2c4677434e67005dc3c195f3f50199571e188a74", "provider"=>"facebook"}
  [1m[35mUser Load (2.7ms)[0m  SELECT  "users".* FROM "users"  WHERE "users"."provider" = 'facebook' AND "users"."uid" = '10154283904805293'  ORDER BY "users"."id" ASC LIMIT 1
  [1m[36m (0.7ms)[0m  [1mBEGIN[0m
  [1m[35mSQL (3.1ms)[0m  UPDATE "users" SET "oauth_expires_at" = $1, "oauth_token" = $2, "updated_at" = $3 WHERE "users"."id" = 1  [["oauth_expires_at", "2014-08-26 01:08:00.000000"], ["oauth_token", "CAAUhfcEtdIABACqyrZBqsz0KoTQtRY8TiVAgli90eyQvk4wXH462bheigHljHKiKOvq9sw6QruGiHKfsdS6NqEuyCOpe4D6wUQ1PJioF9ZA7Sj319ZBoZAxKMwAoK6k1cfDWxUzCVSgZCkoutOpMbC1BCvSSY28PUfYFiel4mOkQIjR38FoN05zY7zcINUZCIZD"], ["updated_at", "2014-06-27 12:57:06.489937"]]
  [1m[36m (1.2ms)[0m  [1mCOMMIT[0m
Redirected to http://localhost:3000/
Completed 302 Found in 39ms (ActiveRecord: 11.4ms)


Started GET "/" for 127.0.0.1 at 2014-06-27 08:57:06 -0400
Processing by FoldersController#index as HTML
  Rendered folders/index.html.erb within layouts/application (0.1ms)
  [1m[35mUser Load (0.9ms)[0m  SELECT  "users".* FROM "users"  WHERE "users"."id" = $1 LIMIT 1  [["id", 1]]
Completed 200 OK in 9ms (Views: 7.2ms | ActiveRecord: 0.9ms)


Started GET "/assets/jquery.js?body=1" for 127.0.0.1 at 2014-06-27 08:57:06 -0400


Started GET "/assets/application.css?body=1" for 127.0.0.1 at 2014-06-27 08:57:06 -0400


Started GET "/assets/application.js?body=1" for 127.0.0.1 at 2014-06-27 08:57:06 -0400


Started GET "/assets/jquery_ujs.js?body=1" for 127.0.0.1 at 2014-06-27 08:57:06 -0400


Started GET "/assets/turbolinks.js?body=1" for 127.0.0.1 at 2014-06-27 08:57:06 -0400


Started GET "/signout" for 127.0.0.1 at 2014-06-27 08:57:08 -0400
Processing by SessionsController#destroy as HTML
Redirected to http://localhost:3000/
Completed 302 Found in 1ms (ActiveRecord: 0.0ms)


Started GET "/" for 127.0.0.1 at 2014-06-27 08:57:08 -0400
Processing by FoldersController#index as HTML
  Rendered folders/index.html.erb within layouts/application (0.5ms)
Completed 200 OK in 6ms (Views: 5.7ms | ActiveRecord: 0.0ms)
  [1m[36mUser Load (2.1ms)[0m  [1mSELECT "users".* FROM "users"[0m
  [1m[35mUser Load (0.6ms)[0m  SELECT  "users".* FROM "users"  WHERE "users"."id" = $1 LIMIT 1  [["id", 1]]
  [1m[36mUser Load (0.9ms)[0m  [1mSELECT  "users".* FROM "users"  WHERE "users"."id" = $1 LIMIT 1[0m  [["id", 1]]


Started GET "/" for 127.0.0.1 at 2014-06-27 10:22:56 -0400
  [1m[36mActiveRecord::SchemaMigration Load (0.6ms)[0m  [1mSELECT "schema_migrations".* FROM "schema_migrations"[0m
Processing by FoldersController#index as HTML
  Rendered folders/index.html.erb within layouts/application (2.3ms)
Completed 200 OK in 65ms (Views: 52.1ms | ActiveRecord: 0.0ms)


Started GET "/assets/application.css?body=1" for 127.0.0.1 at 2014-06-27 10:22:57 -0400


Started GET "/assets/jquery_ujs.js?body=1" for 127.0.0.1 at 2014-06-27 10:22:57 -0400


Started GET "/assets/application.js?body=1" for 127.0.0.1 at 2014-06-27 10:22:57 -0400


Started GET "/assets/jquery.js?body=1" for 127.0.0.1 at 2014-06-27 10:22:57 -0400


Started GET "/assets/turbolinks.js?body=1" for 127.0.0.1 at 2014-06-27 10:22:57 -0400


Started GET "/auth/facebook" for 127.0.0.1 at 2014-06-27 10:22:58 -0400
(facebook) Request phase initiated.


Started GET "/auth/facebook" for 127.0.0.1 at 2014-06-27 10:22:58 -0400
(facebook) Request phase initiated.


Started GET "/auth/facebook/callback?code=AQCMVfJGe2cMa_WkrNN7FfouBeqapxl2rwe3fqjBVNBY32iGVkE9Xf8ZBJ48_8Y2uhKS-xoKBHDXzbi4HzwDeKusc-smNc0K6FM8o3iNRp0--QUaL5AMl9L4B8SBH9h0_gbLd09FBwowOArIxCl5DEaDbv5PxWaReXS2D7AY_JY1wgz_VEI3dZO5vJl-phy52gOxF6HCcNeC2FcLreFSztV6hvXcLrG3mtUWDZA6xhKFKeBF4nBhcDLM7gMkGGo37V2yl4JMiRdsP47pLavYVIdrwtocNzLznz8t-AMPb0dPITc2iC1RPYEDUmUilQzjmH8&state=726ad3bc75571b8dd87efba4603cdcea0c2029bef32d1018" for 127.0.0.1 at 2014-06-27 10:22:58 -0400
(facebook) Callback phase initiated.
Processing by SessionsController#create as HTML
  Parameters: {"code"=>"AQCMVfJGe2cMa_WkrNN7FfouBeqapxl2rwe3fqjBVNBY32iGVkE9Xf8ZBJ48_8Y2uhKS-xoKBHDXzbi4HzwDeKusc-smNc0K6FM8o3iNRp0--QUaL5AMl9L4B8SBH9h0_gbLd09FBwowOArIxCl5DEaDbv5PxWaReXS2D7AY_JY1wgz_VEI3dZO5vJl-phy52gOxF6HCcNeC2FcLreFSztV6hvXcLrG3mtUWDZA6xhKFKeBF4nBhcDLM7gMkGGo37V2yl4JMiRdsP47pLavYVIdrwtocNzLznz8t-AMPb0dPITc2iC1RPYEDUmUilQzjmH8", "state"=>"726ad3bc75571b8dd87efba4603cdcea0c2029bef32d1018", "provider"=>"facebook"}
  [1m[35mUser Load (4.6ms)[0m  SELECT  "users".* FROM "users"  WHERE "users"."provider" = 'facebook' AND "users"."uid" = '10154283904805293'  ORDER BY "users"."id" ASC LIMIT 1
  [1m[36m (1.4ms)[0m  [1mBEGIN[0m
  [1m[35mSQL (4.5ms)[0m  UPDATE "users" SET "oauth_token" = $1, "updated_at" = $2 WHERE "users"."id" = 1  [["oauth_token", "CAAUhfcEtdIABADIzK0fp4HcdkMtS9vrOaEkZBd4S4oUzRjyufJg6mB7ewrRA7QMNgYZADWcouHnnqwpdsJQsnBTC1NagZAf5gNOHyn30ERPXZA14acrOQY99CLXFYRgZCbTP2umE56z4whGaax3TszkBe9sNfziXCxNDzKm69V8RPmRlyHGUFrHAOCbfoE08ZD"], ["updated_at", "2014-06-27 14:22:59.219156"]]
  [1m[36m (1.4ms)[0m  [1mCOMMIT[0m
Redirected to http://localhost:3000/
Completed 302 Found in 45ms (ActiveRecord: 14.5ms)


Started GET "/" for 127.0.0.1 at 2014-06-27 10:22:59 -0400
Processing by FoldersController#index as HTML
  Rendered folders/index.html.erb within layouts/application (0.1ms)
  [1m[35mUser Load (0.7ms)[0m  SELECT  "users".* FROM "users"  WHERE "users"."id" = $1 LIMIT 1  [["id", 1]]
Completed 200 OK in 8ms (Views: 6.2ms | ActiveRecord: 0.7ms)


Started GET "/assets/application.css?body=1" for 127.0.0.1 at 2014-06-27 10:22:59 -0400


Started GET "/assets/application.js?body=1" for 127.0.0.1 at 2014-06-27 10:22:59 -0400


Started GET "/assets/turbolinks.js?body=1" for 127.0.0.1 at 2014-06-27 10:22:59 -0400


Started GET "/assets/jquery.js?body=1" for 127.0.0.1 at 2014-06-27 10:22:59 -0400


Started GET "/assets/jquery_ujs.js?body=1" for 127.0.0.1 at 2014-06-27 10:22:59 -0400


Started GET "/signout" for 127.0.0.1 at 2014-06-27 10:23:05 -0400
Processing by SessionsController#destroy as HTML
Redirected to http://localhost:3000/
Completed 302 Found in 2ms (ActiveRecord: 0.0ms)


Started GET "/" for 127.0.0.1 at 2014-06-27 10:23:05 -0400
Processing by FoldersController#index as HTML
  Rendered folders/index.html.erb within layouts/application (0.6ms)
Completed 200 OK in 11ms (Views: 9.4ms | ActiveRecord: 0.0ms)


Started GET "/" for 127.0.0.1 at 2014-06-27 17:49:40 -0400
  [1m[36mActiveRecord::SchemaMigration Load (1.4ms)[0m  [1mSELECT "schema_migrations".* FROM "schema_migrations"[0m
Processing by FoldersController#index as HTML
  Rendered folders/index.html.erb within layouts/application (2.7ms)
Completed 500 Internal Server Error in 39ms

LoadError (cannot load such file -- less
  (in /Users/brendanscarano/Documents/basket/app/assets/stylesheets/bootstrap_and_overrides.css.less)):
  app/views/layouts/application.html.erb:5:in `_app_views_layouts_application_html_erb__1949749731698859264_2206370800'


  Rendered /Users/brendanscarano/.rvm/gems/ruby-2.1.1/gems/actionpack-4.1.1/lib/action_dispatch/middleware/templates/rescues/_source.erb (0.8ms)
  Rendered /Users/brendanscarano/.rvm/gems/ruby-2.1.1/gems/actionpack-4.1.1/lib/action_dispatch/middleware/templates/rescues/_trace.html.erb (1.5ms)
  Rendered /Users/brendanscarano/.rvm/gems/ruby-2.1.1/gems/actionpack-4.1.1/lib/action_dispatch/middleware/templates/rescues/_request_and_response.html.erb (1.6ms)
  Rendered /Users/brendanscarano/.rvm/gems/ruby-2.1.1/gems/actionpack-4.1.1/lib/action_dispatch/middleware/templates/rescues/diagnostics.erb within rescues/layout (23.2ms)


Started GET "/" for 127.0.0.1 at 2014-06-27 17:50:33 -0400
Processing by FoldersController#index as HTML
  Rendered folders/index.html.erb within layouts/application (0.1ms)
Completed 500 Internal Server Error in 10ms

LoadError (cannot load such file -- less
  (in /Users/brendanscarano/Documents/basket/app/assets/stylesheets/bootstrap_and_overrides.css.less)):
  app/views/layouts/application.html.erb:11:in `_app_views_layouts_application_html_erb__1949749731698859264_2195856040'


  Rendered /Users/brendanscarano/.rvm/gems/ruby-2.1.1/gems/actionpack-4.1.1/lib/action_dispatch/middleware/templates/rescues/_source.erb (0.6ms)
  Rendered /Users/brendanscarano/.rvm/gems/ruby-2.1.1/gems/actionpack-4.1.1/lib/action_dispatch/middleware/templates/rescues/_trace.html.erb (1.4ms)
  Rendered /Users/brendanscarano/.rvm/gems/ruby-2.1.1/gems/actionpack-4.1.1/lib/action_dispatch/middleware/templates/rescues/_request_and_response.html.erb (1.3ms)
  Rendered /Users/brendanscarano/.rvm/gems/ruby-2.1.1/gems/actionpack-4.1.1/lib/action_dispatch/middleware/templates/rescues/diagnostics.erb within rescues/layout (15.9ms)


Started GET "/" for 127.0.0.1 at 2014-06-27 17:50:44 -0400
Processing by FoldersController#index as HTML
  Rendered folders/index.html.erb within layouts/application (0.1ms)
Completed 500 Internal Server Error in 9ms

LoadError (cannot load such file -- less
  (in /Users/brendanscarano/Documents/basket/app/assets/stylesheets/bootstrap_and_overrides.css.less)):
  app/views/layouts/application.html.erb:10:in `_app_views_layouts_application_html_erb__1949749731698859264_2207356440'


  Rendered /Users/brendanscarano/.rvm/gems/ruby-2.1.1/gems/actionpack-4.1.1/lib/action_dispatch/middleware/templates/rescues/_source.erb (0.7ms)
  Rendered /Users/brendanscarano/.rvm/gems/ruby-2.1.1/gems/actionpack-4.1.1/lib/action_dispatch/middleware/templates/rescues/_trace.html.erb (1.3ms)
  Rendered /Users/brendanscarano/.rvm/gems/ruby-2.1.1/gems/actionpack-4.1.1/lib/action_dispatch/middleware/templates/rescues/_request_and_response.html.erb (0.8ms)
  Rendered /Users/brendanscarano/.rvm/gems/ruby-2.1.1/gems/actionpack-4.1.1/lib/action_dispatch/middleware/templates/rescues/diagnostics.erb within rescues/layout (17.5ms)


Started GET "/" for 127.0.0.1 at 2014-06-27 17:50:46 -0400
Processing by FoldersController#index as HTML
  Rendered folders/index.html.erb within layouts/application (0.1ms)
Completed 500 Internal Server Error in 10ms

LoadError (cannot load such file -- less
  (in /Users/brendanscarano/Documents/basket/app/assets/stylesheets/bootstrap_and_overrides.css.less)):
  app/views/layouts/application.html.erb:10:in `_app_views_layouts_application_html_erb__1949749731698859264_2207356440'


  Rendered /Users/brendanscarano/.rvm/gems/ruby-2.1.1/gems/actionpack-4.1.1/lib/action_dispatch/middleware/templates/rescues/_source.erb (0.8ms)
  Rendered /Users/brendanscarano/.rvm/gems/ruby-2.1.1/gems/actionpack-4.1.1/lib/action_dispatch/middleware/templates/rescues/_trace.html.erb (1.5ms)
  Rendered /Users/brendanscarano/.rvm/gems/ruby-2.1.1/gems/actionpack-4.1.1/lib/action_dispatch/middleware/templates/rescues/_request_and_response.html.erb (0.9ms)
  Rendered /Users/brendanscarano/.rvm/gems/ruby-2.1.1/gems/actionpack-4.1.1/lib/action_dispatch/middleware/templates/rescues/diagnostics.erb within rescues/layout (17.6ms)


Started GET "/" for 127.0.0.1 at 2014-06-27 17:50:52 -0400
Processing by FoldersController#index as HTML
  Rendered folders/index.html.erb within layouts/application (0.1ms)
Completed 200 OK in 4ms (Views: 3.1ms | ActiveRecord: 0.0ms)


Started GET "/" for 127.0.0.1 at 2014-06-27 17:51:12 -0400
Processing by FoldersController#index as HTML
  Rendered folders/index.html.erb within layouts/application (0.1ms)
Completed 200 OK in 5ms (Views: 4.4ms | ActiveRecord: 0.0ms)


Started GET "/" for 127.0.0.1 at 2014-06-27 17:51:17 -0400
Processing by FoldersController#index as HTML
  Rendered folders/index.html.erb within layouts/application (0.2ms)
Completed 200 OK in 4ms (Views: 3.6ms | ActiveRecord: 0.0ms)


Started GET "/" for 127.0.0.1 at 2014-06-27 18:00:05 -0400
Processing by FoldersController#index as HTML
  Rendered folders/index.html.erb within layouts/application (0.0ms)
Completed 200 OK in 4ms (Views: 2.9ms | ActiveRecord: 0.0ms)


Started GET "/" for 127.0.0.1 at 2014-06-27 18:01:23 -0400
Processing by FoldersController#index as HTML
  Rendered folders/index.html.erb within layouts/application (0.1ms)
Completed 200 OK in 5ms (Views: 4.3ms | ActiveRecord: 0.0ms)


Started GET "/" for 127.0.0.1 at 2014-06-27 18:01:25 -0400
Processing by FoldersController#index as HTML
  Rendered folders/index.html.erb within layouts/application (0.1ms)
Completed 200 OK in 4ms (Views: 3.1ms | ActiveRecord: 0.0ms)


Started GET "/" for 127.0.0.1 at 2014-06-27 18:02:15 -0400
Processing by FoldersController#index as HTML
  Rendered folders/index.html.erb within layouts/application (0.1ms)
Completed 200 OK in 5ms (Views: 4.7ms | ActiveRecord: 0.0ms)


Started GET "/" for 127.0.0.1 at 2014-06-27 18:02:17 -0400
Processing by FoldersController#index as HTML
  Rendered folders/index.html.erb within layouts/application (0.1ms)
Completed 200 OK in 5ms (Views: 4.4ms | ActiveRecord: 0.0ms)


Started GET "/" for 127.0.0.1 at 2014-06-27 18:02:28 -0400
  [1m[36mActiveRecord::SchemaMigration Load (1.9ms)[0m  [1mSELECT "schema_migrations".* FROM "schema_migrations"[0m
Processing by FoldersController#index as HTML
  Rendered folders/index.html.erb within layouts/application (1.8ms)
Completed 200 OK in 23ms (Views: 11.6ms | ActiveRecord: 0.0ms)


Started GET "/" for 127.0.0.1 at 2014-06-27 18:02:30 -0400
Processing by FoldersController#index as HTML
  Rendered folders/index.html.erb within layouts/application (0.1ms)
Completed 200 OK in 6ms (Views: 3.5ms | ActiveRecord: 0.0ms)


Started GET "/" for 127.0.0.1 at 2014-06-27 18:03:43 -0400
Processing by FoldersController#index as HTML
  Rendered folders/index.html.erb within layouts/application (0.1ms)
Completed 500 Internal Server Error in 14ms

LoadError (cannot load such file -- less
  (in /Users/brendanscarano/Documents/basket/app/assets/stylesheets/bootstrap_and_overrides.css.less)):
  app/views/layouts/application.html.erb:5:in `_app_views_layouts_application_html_erb__2601511668279035583_2159701340'


  Rendered /Users/brendanscarano/.rvm/gems/ruby-2.1.1/gems/actionpack-4.1.1/lib/action_dispatch/middleware/templates/rescues/_source.erb (0.7ms)
  Rendered /Users/brendanscarano/.rvm/gems/ruby-2.1.1/gems/actionpack-4.1.1/lib/action_dispatch/middleware/templates/rescues/_trace.html.erb (1.4ms)
  Rendered /Users/brendanscarano/.rvm/gems/ruby-2.1.1/gems/actionpack-4.1.1/lib/action_dispatch/middleware/templates/rescues/_request_and_response.html.erb (1.4ms)
  Rendered /Users/brendanscarano/.rvm/gems/ruby-2.1.1/gems/actionpack-4.1.1/lib/action_dispatch/middleware/templates/rescues/diagnostics.erb within rescues/layout (19.3ms)


Started GET "/" for 127.0.0.1 at 2014-06-27 18:07:29 -0400
Processing by FoldersController#index as HTML
  Rendered folders/index.html.erb within layouts/application (0.1ms)
Completed 200 OK in 4ms (Views: 3.4ms | ActiveRecord: 0.0ms)


Started GET "/" for 127.0.0.1 at 2014-06-27 18:08:27 -0400
Processing by FoldersController#index as HTML
  Rendered folders/index.html.erb within layouts/application (0.1ms)
Completed 200 OK in 3ms (Views: 2.8ms | ActiveRecord: 0.0ms)


Started GET "/" for 127.0.0.1 at 2014-06-27 18:09:10 -0400
Processing by FoldersController#index as HTML
  Rendered folders/index.html.erb within layouts/application (0.1ms)
Completed 500 Internal Server Error in 10ms

LoadError (cannot load such file -- less
  (in /Users/brendanscarano/Documents/basket/app/assets/stylesheets/bootstrap_and_overrides.css.less)):
  app/views/layouts/application.html.erb:8:in `_app_views_layouts_application_html_erb__2601511668279035583_2194789700'


  Rendered /Users/brendanscarano/.rvm/gems/ruby-2.1.1/gems/actionpack-4.1.1/lib/action_dispatch/middleware/templates/rescues/_source.erb (0.7ms)
  Rendered /Users/brendanscarano/.rvm/gems/ruby-2.1.1/gems/actionpack-4.1.1/lib/action_dispatch/middleware/templates/rescues/_trace.html.erb (1.4ms)
  Rendered /Users/brendanscarano/.rvm/gems/ruby-2.1.1/gems/actionpack-4.1.1/lib/action_dispatch/middleware/templates/rescues/_request_and_response.html.erb (1.0ms)
  Rendered /Users/brendanscarano/.rvm/gems/ruby-2.1.1/gems/actionpack-4.1.1/lib/action_dispatch/middleware/templates/rescues/diagnostics.erb within rescues/layout (17.1ms)


Started GET "/" for 127.0.0.1 at 2014-06-27 18:11:10 -0400
  [1m[36mActiveRecord::SchemaMigration Load (0.6ms)[0m  [1mSELECT "schema_migrations".* FROM "schema_migrations"[0m
Processing by FoldersController#index as HTML
  Rendered folders/index.html.erb within layouts/application (2.6ms)
Completed 200 OK in 1318ms (Views: 1307.9ms | ActiveRecord: 0.0ms)


Started GET "/assets/bootstrap_and_overrides.css?body=1" for 127.0.0.1 at 2014-06-27 18:11:12 -0400


Started GET "/assets/twitter/bootstrap/bootstrap-alert.js?body=1" for 127.0.0.1 at 2014-06-27 18:11:12 -0400


Started GET "/assets/twitter/bootstrap/bootstrap-modal.js?body=1" for 127.0.0.1 at 2014-06-27 18:11:12 -0400


Started GET "/assets/twitter/bootstrap/bootstrap-transition.js?body=1" for 127.0.0.1 at 2014-06-27 18:11:12 -0400


Started GET "/assets/twitter/bootstrap/bootstrap-dropdown.js?body=1" for 127.0.0.1 at 2014-06-27 18:11:12 -0400


Started GET "/assets/twitter/bootstrap/bootstrap-scrollspy.js?body=1" for 127.0.0.1 at 2014-06-27 18:11:12 -0400


Started GET "/assets/application.css?body=1" for 127.0.0.1 at 2014-06-27 18:11:12 -0400


Started GET "/assets/twitter/bootstrap/bootstrap-tab.js?body=1" for 127.0.0.1 at 2014-06-27 18:11:12 -0400


Started GET "/assets/twitter/bootstrap/bootstrap-tooltip.js?body=1" for 127.0.0.1 at 2014-06-27 18:11:12 -0400


Started GET "/assets/twitter/bootstrap/bootstrap-popover.js?body=1" for 127.0.0.1 at 2014-06-27 18:11:12 -0400


Started GET "/assets/twitter/bootstrap/bootstrap-button.js?body=1" for 127.0.0.1 at 2014-06-27 18:11:12 -0400


Started GET "/assets/twitter/bootstrap/bootstrap-collapse.js?body=1" for 127.0.0.1 at 2014-06-27 18:11:12 -0400


Started GET "/assets/twitter/bootstrap/bootstrap-carousel.js?body=1" for 127.0.0.1 at 2014-06-27 18:11:12 -0400


Started GET "/assets/twitter/bootstrap/bootstrap-typeahead.js?body=1" for 127.0.0.1 at 2014-06-27 18:11:12 -0400


Started GET "/assets/twitter/bootstrap/bootstrap-affix.js?body=1" for 127.0.0.1 at 2014-06-27 18:11:12 -0400


Started GET "/assets/twitter/bootstrap.js?body=1" for 127.0.0.1 at 2014-06-27 18:11:12 -0400


Started GET "/assets/bootstrap.js?body=1" for 127.0.0.1 at 2014-06-27 18:11:12 -0400


Started GET "/assets/jquery.js?body=1" for 127.0.0.1 at 2014-06-27 18:11:12 -0400


Started GET "/assets/jquery_ujs.js?body=1" for 127.0.0.1 at 2014-06-27 18:11:12 -0400


Started GET "/assets/turbolinks.js?body=1" for 127.0.0.1 at 2014-06-27 18:11:12 -0400


Started GET "/assets/application.js?body=1" for 127.0.0.1 at 2014-06-27 18:11:12 -0400


Started GET "/" for 127.0.0.1 at 2014-06-27 18:13:16 -0400
Processing by FoldersController#index as HTML
  Rendered folders/index.html.erb within layouts/application (0.1ms)
Completed 200 OK in 9ms (Views: 8.8ms | ActiveRecord: 0.0ms)


Started GET "/assets/bootstrap_and_overrides.css?body=1" for 127.0.0.1 at 2014-06-27 18:13:16 -0400


Started GET "/assets/application.css?body=1" for 127.0.0.1 at 2014-06-27 18:13:16 -0400


Started GET "/assets/jquery.js?body=1" for 127.0.0.1 at 2014-06-27 18:13:16 -0400


Started GET "/assets/twitter/bootstrap/bootstrap-modal.js?body=1" for 127.0.0.1 at 2014-06-27 18:13:16 -0400


Started GET "/assets/jquery_ujs.js?body=1" for 127.0.0.1 at 2014-06-27 18:13:16 -0400


Started GET "/assets/twitter/bootstrap/bootstrap-dropdown.js?body=1" for 127.0.0.1 at 2014-06-27 18:13:16 -0400


Started GET "/assets/twitter/bootstrap/bootstrap-transition.js?body=1" for 127.0.0.1 at 2014-06-27 18:13:16 -0400


Started GET "/assets/twitter/bootstrap/bootstrap-alert.js?body=1" for 127.0.0.1 at 2014-06-27 18:13:16 -0400


Started GET "/assets/twitter/bootstrap/bootstrap-scrollspy.js?body=1" for 127.0.0.1 at 2014-06-27 18:13:16 -0400


Started GET "/assets/twitter/bootstrap/bootstrap-tab.js?body=1" for 127.0.0.1 at 2014-06-27 18:13:16 -0400


Started GET "/assets/twitter/bootstrap/bootstrap-tooltip.js?body=1" for 127.0.0.1 at 2014-06-27 18:13:16 -0400


Started GET "/assets/twitter/bootstrap/bootstrap-popover.js?body=1" for 127.0.0.1 at 2014-06-27 18:13:16 -0400


Started GET "/assets/twitter/bootstrap/bootstrap-button.js?body=1" for 127.0.0.1 at 2014-06-27 18:13:16 -0400


Started GET "/assets/twitter/bootstrap/bootstrap-collapse.js?body=1" for 127.0.0.1 at 2014-06-27 18:13:16 -0400


Started GET "/assets/twitter/bootstrap/bootstrap-carousel.js?body=1" for 127.0.0.1 at 2014-06-27 18:13:16 -0400


Started GET "/assets/twitter/bootstrap/bootstrap-typeahead.js?body=1" for 127.0.0.1 at 2014-06-27 18:13:16 -0400


Started GET "/assets/twitter/bootstrap/bootstrap-affix.js?body=1" for 127.0.0.1 at 2014-06-27 18:13:16 -0400


Started GET "/assets/twitter/bootstrap.js?body=1" for 127.0.0.1 at 2014-06-27 18:13:16 -0400


Started GET "/assets/turbolinks.js?body=1" for 127.0.0.1 at 2014-06-27 18:13:16 -0400


Started GET "/assets/bootstrap.js?body=1" for 127.0.0.1 at 2014-06-27 18:13:16 -0400


Started GET "/assets/application.js?body=1" for 127.0.0.1 at 2014-06-27 18:13:16 -0400


Started GET "/" for 127.0.0.1 at 2014-06-27 18:13:23 -0400
Processing by FoldersController#index as HTML
  Rendered folders/index.html.erb within layouts/application (0.0ms)
Completed 200 OK in 10ms (Views: 9.2ms | ActiveRecord: 0.0ms)


Started GET "/assets/bootstrap_and_overrides.css?body=1" for 127.0.0.1 at 2014-06-27 18:13:24 -0400


Started GET "/assets/application.css?body=1" for 127.0.0.1 at 2014-06-27 18:13:24 -0400


Started GET "/assets/twitter/bootstrap/bootstrap-modal.js?body=1" for 127.0.0.1 at 2014-06-27 18:13:24 -0400


Started GET "/assets/jquery_ujs.js?body=1" for 127.0.0.1 at 2014-06-27 18:13:24 -0400


Started GET "/assets/twitter/bootstrap/bootstrap-dropdown.js?body=1" for 127.0.0.1 at 2014-06-27 18:13:24 -0400


Started GET "/assets/twitter/bootstrap/bootstrap-alert.js?body=1" for 127.0.0.1 at 2014-06-27 18:13:24 -0400


Started GET "/assets/jquery.js?body=1" for 127.0.0.1 at 2014-06-27 18:13:24 -0400


Started GET "/assets/twitter/bootstrap/bootstrap-transition.js?body=1" for 127.0.0.1 at 2014-06-27 18:13:24 -0400


Started GET "/assets/twitter/bootstrap/bootstrap-scrollspy.js?body=1" for 127.0.0.1 at 2014-06-27 18:13:24 -0400


Started GET "/assets/twitter/bootstrap/bootstrap-tab.js?body=1" for 127.0.0.1 at 2014-06-27 18:13:24 -0400


Started GET "/assets/twitter/bootstrap/bootstrap-tooltip.js?body=1" for 127.0.0.1 at 2014-06-27 18:13:24 -0400


Started GET "/assets/twitter/bootstrap/bootstrap-popover.js?body=1" for 127.0.0.1 at 2014-06-27 18:13:24 -0400


Started GET "/assets/twitter/bootstrap/bootstrap-button.js?body=1" for 127.0.0.1 at 2014-06-27 18:13:24 -0400


Started GET "/assets/twitter/bootstrap/bootstrap-collapse.js?body=1" for 127.0.0.1 at 2014-06-27 18:13:24 -0400


Started GET "/assets/bootstrap.js?body=1" for 127.0.0.1 at 2014-06-27 18:13:24 -0400


Started GET "/assets/twitter/bootstrap/bootstrap-typeahead.js?body=1" for 127.0.0.1 at 2014-06-27 18:13:24 -0400


Started GET "/assets/twitter/bootstrap/bootstrap-affix.js?body=1" for 127.0.0.1 at 2014-06-27 18:13:24 -0400


Started GET "/assets/twitter/bootstrap.js?body=1" for 127.0.0.1 at 2014-06-27 18:13:24 -0400


Started GET "/assets/turbolinks.js?body=1" for 127.0.0.1 at 2014-06-27 18:13:24 -0400


Started GET "/assets/application.js?body=1" for 127.0.0.1 at 2014-06-27 18:13:24 -0400


Started GET "/assets/twitter/bootstrap/bootstrap-carousel.js?body=1" for 127.0.0.1 at 2014-06-27 18:13:24 -0400


Started GET "/" for 127.0.0.1 at 2014-06-27 18:13:33 -0400
Processing by FoldersController#index as HTML
  Rendered folders/index.html.erb within layouts/application (0.1ms)
Completed 200 OK in 10ms (Views: 9.4ms | ActiveRecord: 0.0ms)


Started GET "/assets/bootstrap_and_overrides.css?body=1" for 127.0.0.1 at 2014-06-27 18:13:33 -0400


Started GET "/assets/application.css?body=1" for 127.0.0.1 at 2014-06-27 18:13:33 -0400


Started GET "/assets/jquery_ujs.js?body=1" for 127.0.0.1 at 2014-06-27 18:13:33 -0400


Started GET "/assets/jquery.js?body=1" for 127.0.0.1 at 2014-06-27 18:13:33 -0400


Started GET "/assets/twitter/bootstrap/bootstrap-transition.js?body=1" for 127.0.0.1 at 2014-06-27 18:13:33 -0400


Started GET "/assets/twitter/bootstrap/bootstrap-alert.js?body=1" for 127.0.0.1 at 2014-06-27 18:13:33 -0400


Started GET "/assets/twitter/bootstrap/bootstrap-modal.js?body=1" for 127.0.0.1 at 2014-06-27 18:13:33 -0400


Started GET "/assets/twitter/bootstrap/bootstrap-dropdown.js?body=1" for 127.0.0.1 at 2014-06-27 18:13:33 -0400


Started GET "/assets/twitter/bootstrap/bootstrap-scrollspy.js?body=1" for 127.0.0.1 at 2014-06-27 18:13:33 -0400


Started GET "/assets/twitter/bootstrap/bootstrap-tab.js?body=1" for 127.0.0.1 at 2014-06-27 18:13:33 -0400


Started GET "/assets/twitter/bootstrap/bootstrap-tooltip.js?body=1" for 127.0.0.1 at 2014-06-27 18:13:33 -0400


Started GET "/assets/twitter/bootstrap/bootstrap-popover.js?body=1" for 127.0.0.1 at 2014-06-27 18:13:33 -0400


Started GET "/assets/twitter/bootstrap/bootstrap-button.js?body=1" for 127.0.0.1 at 2014-06-27 18:13:33 -0400


Started GET "/assets/twitter/bootstrap/bootstrap-collapse.js?body=1" for 127.0.0.1 at 2014-06-27 18:13:33 -0400


Started GET "/assets/twitter/bootstrap/bootstrap-carousel.js?body=1" for 127.0.0.1 at 2014-06-27 18:13:33 -0400


Started GET "/assets/twitter/bootstrap/bootstrap-typeahead.js?body=1" for 127.0.0.1 at 2014-06-27 18:13:33 -0400


Started GET "/assets/twitter/bootstrap/bootstrap-affix.js?body=1" for 127.0.0.1 at 2014-06-27 18:13:33 -0400


Started GET "/assets/twitter/bootstrap.js?body=1" for 127.0.0.1 at 2014-06-27 18:13:33 -0400


Started GET "/assets/turbolinks.js?body=1" for 127.0.0.1 at 2014-06-27 18:13:33 -0400


Started GET "/assets/bootstrap.js?body=1" for 127.0.0.1 at 2014-06-27 18:13:33 -0400


Started GET "/assets/application.js?body=1" for 127.0.0.1 at 2014-06-27 18:13:33 -0400


Started GET "/auth/facebook" for 127.0.0.1 at 2014-06-27 18:13:35 -0400
(facebook) Request phase initiated.


Started GET "/auth/facebook" for 127.0.0.1 at 2014-06-27 18:13:35 -0400
(facebook) Request phase initiated.


Started GET "/auth/facebook/callback?code=AQBlrdz9LjaotG6twh1XmI7G1wi05rI-MNQJSyMfD_HfZOwbQp1ph17zhqRY86T4G8_1MWpntmBFeiU5oOeH3N0Jq36WPmaJ06Bn9J6JkePQ9l0MK2U7iyN1IGChgr4-A7oOf_UbbvCjOzy1Z3L-cnfsLMpNr5kUdnfTcZ848UmByXrhYkszKyNmxO2sC-doI6ovmXjB8thJQwSX34dw9GXhXm5nIudYjKrgYm5AWPv0nhf_I6zHgPsoDPT5oia2AEnhU_vlew0srvAvWQwJuSgzJU_nOZfpn57OFnuvKLWwwr3uxrIbhaAY96qQHL56cZg&state=13b33c536df3e1dfe96f28d89f796628edb1a5fd406b66ad" for 127.0.0.1 at 2014-06-27 18:13:36 -0400
(facebook) Callback phase initiated.
Processing by SessionsController#create as HTML
  Parameters: {"code"=>"AQBlrdz9LjaotG6twh1XmI7G1wi05rI-MNQJSyMfD_HfZOwbQp1ph17zhqRY86T4G8_1MWpntmBFeiU5oOeH3N0Jq36WPmaJ06Bn9J6JkePQ9l0MK2U7iyN1IGChgr4-A7oOf_UbbvCjOzy1Z3L-cnfsLMpNr5kUdnfTcZ848UmByXrhYkszKyNmxO2sC-doI6ovmXjB8thJQwSX34dw9GXhXm5nIudYjKrgYm5AWPv0nhf_I6zHgPsoDPT5oia2AEnhU_vlew0srvAvWQwJuSgzJU_nOZfpn57OFnuvKLWwwr3uxrIbhaAY96qQHL56cZg", "state"=>"13b33c536df3e1dfe96f28d89f796628edb1a5fd406b66ad", "provider"=>"facebook"}
  [1m[35mUser Load (6.5ms)[0m  SELECT  "users".* FROM "users"  WHERE "users"."provider" = 'facebook' AND "users"."uid" = '10154283904805293'  ORDER BY "users"."id" ASC LIMIT 1
  [1m[36m (1.4ms)[0m  [1mBEGIN[0m
  [1m[35mSQL (5.3ms)[0m  UPDATE "users" SET "oauth_expires_at" = $1, "oauth_token" = $2, "updated_at" = $3 WHERE "users"."id" = 1  [["oauth_expires_at", "2014-08-26 01:07:59.000000"], ["oauth_token", "CAAUhfcEtdIABAMFImvjJy07g4t8frI9KhYUl4tqk6HlAGxqhizTDLw76x4blpwgZBOzrPgjZArPecGNRLxrBffIoiy1yZCSxwmzT5sbABdefAjsC0QtAuZCU3hT8bPG6AeAkgcM2gelCF11Yj3CwHpmXOEZCw2vy2ivnkgeWck5iZBQYX44ZB3SKEiOZB28EHH4ZD"], ["updated_at", "2014-06-27 22:13:36.708956"]]
  [1m[36m (1.5ms)[0m  [1mCOMMIT[0m
Redirected to http://localhost:3000/
Completed 302 Found in 63ms (ActiveRecord: 22.4ms)


Started GET "/" for 127.0.0.1 at 2014-06-27 18:13:36 -0400
Processing by FoldersController#index as HTML
  Rendered folders/index.html.erb within layouts/application (0.0ms)
  [1m[35mUser Load (1.3ms)[0m  SELECT  "users".* FROM "users"  WHERE "users"."id" = $1 LIMIT 1  [["id", 1]]
Completed 200 OK in 12ms (Views: 9.8ms | ActiveRecord: 1.3ms)


Started GET "/assets/twitter/bootstrap/bootstrap-alert.js?body=1" for 127.0.0.1 at 2014-06-27 18:13:36 -0400


Started GET "/assets/jquery_ujs.js?body=1" for 127.0.0.1 at 2014-06-27 18:13:36 -0400


Started GET "/assets/twitter/bootstrap/bootstrap-transition.js?body=1" for 127.0.0.1 at 2014-06-27 18:13:36 -0400


Started GET "/assets/application.css?body=1" for 127.0.0.1 at 2014-06-27 18:13:36 -0400


Started GET "/assets/jquery.js?body=1" for 127.0.0.1 at 2014-06-27 18:13:36 -0400


Started GET "/assets/twitter/bootstrap/bootstrap-dropdown.js?body=1" for 127.0.0.1 at 2014-06-27 18:13:36 -0400


Started GET "/assets/bootstrap_and_overrides.css?body=1" for 127.0.0.1 at 2014-06-27 18:13:36 -0400


Started GET "/assets/twitter/bootstrap/bootstrap-tab.js?body=1" for 127.0.0.1 at 2014-06-27 18:13:36 -0400


Started GET "/assets/twitter/bootstrap/bootstrap-modal.js?body=1" for 127.0.0.1 at 2014-06-27 18:13:36 -0400


Started GET "/assets/twitter/bootstrap/bootstrap-scrollspy.js?body=1" for 127.0.0.1 at 2014-06-27 18:13:36 -0400


Started GET "/assets/twitter/bootstrap/bootstrap-tooltip.js?body=1" for 127.0.0.1 at 2014-06-27 18:13:36 -0400


Started GET "/assets/twitter/bootstrap/bootstrap-popover.js?body=1" for 127.0.0.1 at 2014-06-27 18:13:36 -0400


Started GET "/assets/twitter/bootstrap/bootstrap-button.js?body=1" for 127.0.0.1 at 2014-06-27 18:13:36 -0400


Started GET "/assets/twitter/bootstrap/bootstrap-collapse.js?body=1" for 127.0.0.1 at 2014-06-27 18:13:36 -0400


Started GET "/assets/twitter/bootstrap/bootstrap-carousel.js?body=1" for 127.0.0.1 at 2014-06-27 18:13:36 -0400


Started GET "/assets/twitter/bootstrap/bootstrap-typeahead.js?body=1" for 127.0.0.1 at 2014-06-27 18:13:36 -0400


Started GET "/assets/twitter/bootstrap/bootstrap-affix.js?body=1" for 127.0.0.1 at 2014-06-27 18:13:36 -0400


Started GET "/assets/twitter/bootstrap.js?body=1" for 127.0.0.1 at 2014-06-27 18:13:36 -0400


Started GET "/assets/turbolinks.js?body=1" for 127.0.0.1 at 2014-06-27 18:13:36 -0400


Started GET "/assets/bootstrap.js?body=1" for 127.0.0.1 at 2014-06-27 18:13:36 -0400


Started GET "/assets/application.js?body=1" for 127.0.0.1 at 2014-06-27 18:13:36 -0400


Started GET "/signout" for 127.0.0.1 at 2014-06-27 18:13:41 -0400
Processing by SessionsController#destroy as HTML
Redirected to http://localhost:3000/
Completed 302 Found in 2ms (ActiveRecord: 0.0ms)


Started GET "/" for 127.0.0.1 at 2014-06-27 18:13:41 -0400
Processing by FoldersController#index as HTML
  Rendered folders/index.html.erb within layouts/application (0.6ms)
Completed 200 OK in 16ms (Views: 14.6ms | ActiveRecord: 0.0ms)


Started GET "/auth/facebook" for 127.0.0.1 at 2014-06-27 18:17:29 -0400
(facebook) Request phase initiated.


Started GET "/auth/facebook" for 127.0.0.1 at 2014-06-27 18:17:29 -0400
(facebook) Request phase initiated.


Started GET "/auth/facebook/callback?code=AQAQrDK3ir6UQRD1eba-1xi2w1PbZZCIHN9WIyCWmRR2gpuUsosSpraSEO4NxH8a1-dkLR3YK3KgVIv7hcdX5jQylY96Ad5DNm-A7suNWHFGL-afDmGuP_igiqbpV7WdaXcy1exqlPQRb18O6xVsypnIS_2OnBA_ewE5KgbhU5g5F1pUVfvDYyhytNelaKXx_MRUkXFLmxHRb6awE53JTNx1g1SE_wTDrm51Zckjk50CK83knZgqxL0PQLmxHp_wCOlSx9zb2hUUP1J5hWvQgWF6YcKHCmJmSEbJ4wt0wHmQezPqUnh3i2CnL-yTctF-nlc&state=25e5575c0fb703939e3e3ef4fd0e0e1abffad31f24a7ed42" for 127.0.0.1 at 2014-06-27 18:17:29 -0400
(facebook) Callback phase initiated.
Processing by SessionsController#create as HTML
  Parameters: {"code"=>"AQAQrDK3ir6UQRD1eba-1xi2w1PbZZCIHN9WIyCWmRR2gpuUsosSpraSEO4NxH8a1-dkLR3YK3KgVIv7hcdX5jQylY96Ad5DNm-A7suNWHFGL-afDmGuP_igiqbpV7WdaXcy1exqlPQRb18O6xVsypnIS_2OnBA_ewE5KgbhU5g5F1pUVfvDYyhytNelaKXx_MRUkXFLmxHRb6awE53JTNx1g1SE_wTDrm51Zckjk50CK83knZgqxL0PQLmxHp_wCOlSx9zb2hUUP1J5hWvQgWF6YcKHCmJmSEbJ4wt0wHmQezPqUnh3i2CnL-yTctF-nlc", "state"=>"25e5575c0fb703939e3e3ef4fd0e0e1abffad31f24a7ed42", "provider"=>"facebook"}
  [1m[36mUser Load (0.7ms)[0m  [1mSELECT  "users".* FROM "users"  WHERE "users"."provider" = 'facebook' AND "users"."uid" = '10154283904805293'  ORDER BY "users"."id" ASC LIMIT 1[0m
  [1m[35m (0.1ms)[0m  BEGIN
  [1m[36mSQL (0.4ms)[0m  [1mUPDATE "users" SET "oauth_token" = $1, "updated_at" = $2 WHERE "users"."id" = 1[0m  [["oauth_token", "CAAUhfcEtdIABAIwdvgXDmnTI9LBjDMCCRQb2hs72L119ZCeIeERplZCtdn7ZBK2AZAzTFnsNQMGBGKf0xyx9buTxzqh7aWZC2llyIsj8N9MLcUsRXr5KCdkqCoZAYvE79jLAuK6Uk3pMhLDNnVqHY3eLjtMZAVfQMqz7BOyARbEKyUvsuZCclT8MDbF70E5SGLgZD"], ["updated_at", "2014-06-27 22:17:29.653516"]]
  [1m[35m (1.9ms)[0m  COMMIT
Redirected to http://localhost:3000/
Completed 302 Found in 7ms (ActiveRecord: 3.1ms)


Started GET "/" for 127.0.0.1 at 2014-06-27 18:17:29 -0400
Processing by FoldersController#index as HTML
  Rendered folders/index.html.erb within layouts/application (0.1ms)
  [1m[36mUser Load (0.4ms)[0m  [1mSELECT  "users".* FROM "users"  WHERE "users"."id" = $1 LIMIT 1[0m  [["id", 1]]
Completed 200 OK in 10ms (Views: 9.0ms | ActiveRecord: 0.4ms)


Started GET "/assets/bootstrap_and_overrides.css?body=1" for 127.0.0.1 at 2014-06-27 18:17:29 -0400


Started GET "/assets/application.css?body=1" for 127.0.0.1 at 2014-06-27 18:17:29 -0400


Started GET "/assets/jquery_ujs.js?body=1" for 127.0.0.1 at 2014-06-27 18:17:29 -0400


Started GET "/assets/twitter/bootstrap/bootstrap-modal.js?body=1" for 127.0.0.1 at 2014-06-27 18:17:29 -0400


Started GET "/assets/jquery.js?body=1" for 127.0.0.1 at 2014-06-27 18:17:29 -0400


Started GET "/assets/twitter/bootstrap/bootstrap-transition.js?body=1" for 127.0.0.1 at 2014-06-27 18:17:29 -0400


Started GET "/assets/twitter/bootstrap/bootstrap-alert.js?body=1" for 127.0.0.1 at 2014-06-27 18:17:29 -0400


Started GET "/assets/twitter/bootstrap/bootstrap-dropdown.js?body=1" for 127.0.0.1 at 2014-06-27 18:17:29 -0400


Started GET "/assets/twitter/bootstrap/bootstrap-scrollspy.js?body=1" for 127.0.0.1 at 2014-06-27 18:17:29 -0400


Started GET "/assets/twitter/bootstrap/bootstrap-tab.js?body=1" for 127.0.0.1 at 2014-06-27 18:17:29 -0400


Started GET "/assets/twitter/bootstrap/bootstrap-tooltip.js?body=1" for 127.0.0.1 at 2014-06-27 18:17:29 -0400


Started GET "/assets/twitter/bootstrap/bootstrap-popover.js?body=1" for 127.0.0.1 at 2014-06-27 18:17:29 -0400


Started GET "/assets/twitter/bootstrap/bootstrap-button.js?body=1" for 127.0.0.1 at 2014-06-27 18:17:29 -0400


Started GET "/assets/twitter/bootstrap/bootstrap-collapse.js?body=1" for 127.0.0.1 at 2014-06-27 18:17:29 -0400


Started GET "/assets/twitter/bootstrap/bootstrap-carousel.js?body=1" for 127.0.0.1 at 2014-06-27 18:17:29 -0400


Started GET "/assets/twitter/bootstrap/bootstrap-typeahead.js?body=1" for 127.0.0.1 at 2014-06-27 18:17:29 -0400


Started GET "/assets/twitter/bootstrap/bootstrap-affix.js?body=1" for 127.0.0.1 at 2014-06-27 18:17:29 -0400


Started GET "/assets/twitter/bootstrap.js?body=1" for 127.0.0.1 at 2014-06-27 18:17:29 -0400


Started GET "/assets/turbolinks.js?body=1" for 127.0.0.1 at 2014-06-27 18:17:29 -0400


Started GET "/assets/bootstrap.js?body=1" for 127.0.0.1 at 2014-06-27 18:17:29 -0400


Started GET "/assets/application.js?body=1" for 127.0.0.1 at 2014-06-27 18:17:29 -0400


Started GET "/" for 127.0.0.1 at 2014-06-27 18:18:02 -0400
Processing by FoldersController#index as HTML
  Rendered folders/index.html.erb within layouts/application (0.1ms)
  [1m[35mUser Load (0.4ms)[0m  SELECT  "users".* FROM "users"  WHERE "users"."id" = $1 LIMIT 1  [["id", 1]]
Completed 200 OK in 11ms (Views: 10.3ms | ActiveRecord: 0.4ms)


Started GET "/assets/bootstrap_and_overrides.css?body=1" for 127.0.0.1 at 2014-06-27 18:18:02 -0400


Started GET "/assets/application.css?body=1" for 127.0.0.1 at 2014-06-27 18:18:02 -0400


Started GET "/assets/jquery.js?body=1" for 127.0.0.1 at 2014-06-27 18:18:02 -0400


Started GET "/assets/jquery_ujs.js?body=1" for 127.0.0.1 at 2014-06-27 18:18:02 -0400


Started GET "/assets/twitter/bootstrap/bootstrap-transition.js?body=1" for 127.0.0.1 at 2014-06-27 18:18:02 -0400


Started GET "/assets/twitter/bootstrap/bootstrap-alert.js?body=1" for 127.0.0.1 at 2014-06-27 18:18:02 -0400


Started GET "/assets/twitter/bootstrap/bootstrap-modal.js?body=1" for 127.0.0.1 at 2014-06-27 18:18:02 -0400


Started GET "/assets/twitter/bootstrap/bootstrap-dropdown.js?body=1" for 127.0.0.1 at 2014-06-27 18:18:02 -0400


Started GET "/assets/twitter/bootstrap/bootstrap-scrollspy.js?body=1" for 127.0.0.1 at 2014-06-27 18:18:02 -0400


Started GET "/assets/twitter/bootstrap/bootstrap-tab.js?body=1" for 127.0.0.1 at 2014-06-27 18:18:02 -0400


Started GET "/assets/twitter/bootstrap/bootstrap-tooltip.js?body=1" for 127.0.0.1 at 2014-06-27 18:18:02 -0400


Started GET "/assets/twitter/bootstrap/bootstrap-popover.js?body=1" for 127.0.0.1 at 2014-06-27 18:18:02 -0400


Started GET "/assets/twitter/bootstrap/bootstrap-button.js?body=1" for 127.0.0.1 at 2014-06-27 18:18:02 -0400


Started GET "/assets/twitter/bootstrap/bootstrap-collapse.js?body=1" for 127.0.0.1 at 2014-06-27 18:18:02 -0400


Started GET "/assets/twitter/bootstrap/bootstrap-carousel.js?body=1" for 127.0.0.1 at 2014-06-27 18:18:02 -0400


Started GET "/assets/twitter/bootstrap/bootstrap-typeahead.js?body=1" for 127.0.0.1 at 2014-06-27 18:18:02 -0400


Started GET "/assets/twitter/bootstrap/bootstrap-affix.js?body=1" for 127.0.0.1 at 2014-06-27 18:18:02 -0400


Started GET "/assets/twitter/bootstrap.js?body=1" for 127.0.0.1 at 2014-06-27 18:18:02 -0400


Started GET "/assets/turbolinks.js?body=1" for 127.0.0.1 at 2014-06-27 18:18:02 -0400


Started GET "/assets/bootstrap.js?body=1" for 127.0.0.1 at 2014-06-27 18:18:02 -0400


Started GET "/assets/application.js?body=1" for 127.0.0.1 at 2014-06-27 18:18:02 -0400
